#
# A fatal error has been detected by the Java Runtime Environment:
#
#  EXCEPTION_ACCESS_VIOLATION (0xc0000005) at pc=0x00007ff969ee26c4, pid=11644, tid=10116
#
# JRE version: OpenJDK Runtime Environment (25.0+36) (build 25+36-3489)
# Java VM: OpenJDK 64-Bit Server VM (25+36-3489, mixed mode, sharing, tiered, compressed oops, compressed class ptrs, g1 gc, windows-amd64)
# Problematic frame:
# C  [libasyncProfiler.dll+0x926c4]
#
# No core dump will be written. Minidumps are not enabled by default on client versions of Windows
#
# JFR recording file will be written. Location: C:\Users\u0259\Documents\Project\Program\Tester\hs_err_pid11644.jfr
#
# If you would like to submit a bug report, please visit:
#   https://bugreport.java.com/bugreport/crash.jsp
# The crash happened outside the Java Virtual Machine in native code.
# See problematic frame for where to report the bug.
#

---------------  S U M M A R Y ------------

Command Line: -javaagent:C:\Program Files\JetBrains\IntelliJ IDEA 2025.1\lib\idea_rt.jar=58192 -Dfile.encoding=UTF-8 -Dsun.stdout.encoding=UTF-8 -Dsun.stderr.encoding=UTF-8 org.example.Main

Host: Intel(R) Xeon(R) CPU E5-2640 v3 @ 2.60GHz, 32 cores, 15G,  Windows 11 , 64 bit Build 26100 (10.0.26100.5074)
Time: Tue Oct  7 17:15:53 2025 elapsed time: 26.055265 seconds (0d 0h 0m 26s)

---------------  T H R E A D  ---------------

Current thread (0x0000021fde14bc90):  JavaThread "Attach Listener" daemon [_thread_in_native, id=10116, stack(0x0000007c8bd00000,0x0000007c8be00000) (1024K)]

Stack: [0x0000007c8bd00000,0x0000007c8be00000],  sp=0x0000007c8bdfeef0,  free space=1019k
Native frames: (J=compiled Java code, j=interpreted, Vv=VM code, C=native code)
C  [libasyncProfiler.dll+0x926c4]  (no source info available)
C  [libasyncProfiler.dll+0x92b9b]  (no source info available)
C  [libasyncProfiler.dll+0x917f4]  (no source info available)
C  [libasyncProfiler.dll+0x9206a]  (no source info available)
C  [libasyncProfiler.dll+0x8cc21]  (no source info available)
C  [libasyncProfiler.dll+0x7e5e1]  (no source info available)
C  [libasyncProfiler.dll+0x7d2f8]  (no source info available)
C  [libasyncProfiler.dll+0x7d1e0]  (no source info available)
C  [libasyncProfiler.dll+0x841b9]  (no source info available)
V  [jvm.dll+0x5e5c66]  (no source info available)
V  [jvm.dll+0x5e6a4d]  (no source info available)
V  [jvm.dll+0x1979a7]  (no source info available)
V  [jvm.dll+0x1994c5]  (no source info available)
V  [jvm.dll+0x48e671]  (no source info available)
V  [jvm.dll+0x90681d]  (no source info available)
V  [jvm.dll+0x7a5015]  (no source info available)
C  [ucrtbase.dll+0x37b0]  (no source info available)
C  [KERNEL32.DLL+0x2e8d7]  (no source info available)
C  [ntdll.dll+0x8d9c]  (no source info available)


siginfo: EXCEPTION_ACCESS_VIOLATION (0xc0000005), reading address 0xffffffffffffffff


Registers:
RAX=0x0000000000000010, RBX=0x0000000000000000, RCX=0xffffffffffffffff, RDX=0x007ff98827652010
RSP=0x0000007c8bdfeef0, RBP=0x0000021fe33d7450, RSI=0x0000007c8bdff060, RDI=0x0000021fe33d7450
R8 =0x0000000000000042, R9 =0x000000070ec00040, R10=0x00007ff9884ff340, R11=0x0000000000000004
R12=0x0000007c8bdff060, R13=0x0000021fe36ba8d0, R14=0x0000021fde14c0d8, R15=0x0000021fde14c0d8
RIP=0x00007ff969ee26c4, EFLAGS=0x0000000000010202

XMM[0]=0x0000000000000000 0x0000000000000000
XMM[1]=0x0000000000000000 0x0000000000000000
XMM[2]=0x0000000000000000 0x0000000000000000
XMM[3]=0x0000000000000000 0x0000000000000000
XMM[4]=0x0000000000000000 0x0000000000000000
XMM[5]=0x0000000000000000 0x0000000000000000
XMM[6]=0x0000000000000000 0x0000000000000000
XMM[7]=0x0000000000000000 0x0000000000000000
XMM[8]=0x0000000000000000 0x0000000000000000
XMM[9]=0x0000000000000000 0x0000000000000000
XMM[10]=0x0000000000000000 0x0000000000000000
XMM[11]=0x0000000000000000 0x0000000000000000
XMM[12]=0x0000000000000000 0x0000000000000000
XMM[13]=0x0000000000000000 0x0000000000000000
XMM[14]=0x0000000000000000 0x0000000000000000
XMM[15]=0x0000000000000000 0x0000000000000000
  MXCSR=0x00001fa0


Register to memory mapping:

RAX=0x0000000000000010 is an unknown value
RBX=0x0 is null
RCX=0xffffffffffffffff is an unknown value
RDX=0x007ff98827652010 is an unknown value
RSP=0x0000007c8bdfeef0 is pointing into the stack for thread: 0x0000021fde14bc90
RBP=0x0000021fe33d7450 points into unknown readable memory: 0x000000070ec00040 | 40 00 c0 0e 07 00 00 00
RSI=0x0000007c8bdff060 is pointing into the stack for thread: 0x0000021fde14bc90
RDI=0x0000021fe33d7450 points into unknown readable memory: 0x000000070ec00040 | 40 00 c0 0e 07 00 00 00
R8 =0x0000000000000042 is an unknown value
R9 =0x000000070ec00040 is an oop: java.lang.Thread 
{0x000000070ec00040} - klass: 'java/lang/Thread' - flags: 

 - ---- fields (total size 14 words):
 - 'threadLocalRandomProbe' 'I' @12  -1640531527 (0x9e3779b9)
 - private volatile 'eetop' 'J' @16  2335330627168 (0x0000021fbc8d6e60)
 - private final 'tid' 'J' @24  3 (0x0000000000000003)
 - 'threadLocalRandomSeed' 'J' @32  1051352722560894028 (0x0e9727bb19e1c44c)
 - injected 'jvmti_thread_state' 'J' @40  2335985300768 (0x0000021fe392f520)
 - 'threadLocalRandomSecondarySeed' 'I' @48  0 (0x00000000)
 - injected 'jvmti_VTMS_transition_disable_count' 'I' @52  0 (0x00000000)
 - injected 'jfr_epoch' 'S' @56  0 (0x0000)
 - volatile 'interrupted' 'Z' @58  false (0x00)
 - injected 'jvmti_is_in_VTMS_transition' 'Z' @59  false (0x00)
 - private volatile 'name' 'Ljava/lang/String;' @60  "Forwarding get on session adeb35a2-894f-42af-a857-666bf1b389c7 to remote"{0x00000007116efc48} (0xe22ddf89)
 - private volatile 'contextClassLoader' 'Ljava/lang/ClassLoader;' @64  a 'jdk/internal/loader/ClassLoaders$AppClassLoader'{0x000000070ec00b18} (0xe1d80163)
 - private final 'holder' 'Ljava/lang/Thread$FieldHolder;' @68  a 'java/lang/Thread$FieldHolder'{0x000000070e99bc20} (0xe1d33784)
 - private 'threadLocals' 'Ljava/lang/ThreadLocal$ThreadLocalMap;' @72  a 'java/lang/ThreadLocal$ThreadLocalMap'{0x000000070e99bf40} (0xe1d337e8)
 - private 'inheritableThreadLocals' 'Ljava/lang/ThreadLocal$ThreadLocalMap;' @76  null (0x00000000)
 - private 'scopedValueBindings' 'Ljava/lang/Object;' @80  a 'java/lang/Class'{0x00000007ffe7f180} = 'java/lang/Thread' (0xfffcfe30)
 - final 'interruptLock' 'Ljava/lang/Object;' @84  a 'java/lang/Object'{0x000000070e99bfe0} (0xe1d337fc)
 - private volatile 'parkBlocker' 'Ljava/lang/Object;' @88  a 'java/util/concurrent/CompletableFuture$Signaller'{0x00000007116f3c90} (0xe22de792)
 - private 'nioBlocker' 'Lsun/nio/ch/Interruptible;' @92  null (0x00000000)
 - private 'cont' 'Ljdk/internal/vm/Continuation;' @96  null (0x00000000)
 - private volatile 'uncaughtExceptionHandler' 'Ljava/lang/Thread$UncaughtExceptionHandler;' @100  null (0x00000000)
 - private 'container' 'Ljdk/internal/vm/ThreadContainer;' @104  null (0x00000000)
 - private volatile 'headStackableScopes' 'Ljdk/internal/vm/StackableScope;' @108  null (0x00000000)
R10=0x00007ff9884ff340 jvm.dll
R11=0x0000000000000004 is an unknown value
R12=0x0000007c8bdff060 is pointing into the stack for thread: 0x0000021fde14bc90
R13=0x0000021fe36ba8d0 points into unknown readable memory: 0x00007ff98846fbc0 | c0 fb 46 88 f9 7f 00 00
R14=0x0000021fde14c0d8 points into unknown readable memory: 0x00007ff988466b50 | 50 6b 46 88 f9 7f 00 00
R15=0x0000021fde14c0d8 points into unknown readable memory: 0x00007ff988466b50 | 50 6b 46 88 f9 7f 00 00

Top of Stack: (sp=0x0000007c8bdfeef0)
0x0000007c8bdfeef0:   0000007c8bdff060 0000021fe33d7450   `...|...Pt=.....
0x0000007c8bdfef00:   0000000000000000 0000021fde14c468   ........h.......
0x0000007c8bdfef10:   0000000000000037 00007ff969ee2b9b   7........+.i....
0x0000007c8bdfef20:   0000000000000000 0000021fde14c0d8   ................
0x0000007c8bdfef30:   0000007c8bdff001 0000000000000000   ....|...........
0x0000007c8bdfef40:   0000021fde3ddb30 00007ff969ee17f4   0.=........i....
0x0000007c8bdfef50:   0000000000000000 0000000000000037   ........7.......
0x0000007c8bdfef60:   0000000000000000 0000000000000037   ........7.......
0x0000007c8bdfef70:   0000001800000003 0000021fe64c6b20   ........ kL.....
0x0000007c8bdfef80:   0000021fde3ddb30 0000021fde3ddc0c   0.=.......=.....
0x0000007c8bdfef90:   0000021fde3ddc2c 0000021f00004f68   ,.=.....hO......
0x0000007c8bdfefa0:   0000000000000000 0000000000000000   ................
0x0000007c8bdfefb0:   0000000000000000 00007ff987c67134   ........4q......
0x0000007c8bdfefc0:   00007ff96a024ca0 0000000000002d7c   .L.j....|-......
0x0000007c8bdfefd0:   00007ff96a024ca0 00000000ffffffff   .L.j............
0x0000007c8bdfefe0:   0000000000000000 00007ff969ee206a   ........j .i....
0x0000007c8bdfeff0:   0000021fde14c0d8 0000000000000000   ................
0x0000007c8bdff000:   0000007c8bdff069 0000021fe36ba8d0   i...|.....k.....
0x0000007c8bdff010:   0000021fe392f520 00007ff987dbe456    .......V.......
0x0000007c8bdff020:   0000021fe7269040 00007ff9db8a89c9   @.&.............
0x0000007c8bdff030:   0000021fde14c0d8 00007ff96a024ca0   .........L.j....
0x0000007c8bdff040:   0000000000000004 0000000000000048   ........H.......
0x0000007c8bdff050:   0000000800800310 0000021fde14c0d8   ................
0x0000007c8bdff060:   0000021fe3ebd290 0000021fe3ebd970   ........p.......
0x0000007c8bdff070:   0000021fe3ebd970 00007ff96a024ca0   p........L.j....
0x0000007c8bdff080:   0000021fe392f520 0000007c8bdff1f8    ...........|...
0x0000007c8bdff090:   0000007c8bdff330 0000000000008840   0...|...@.......
0x0000007c8bdff0a0:   0000007c8bdff510 00007ff96a024cf0   ....|....L.j....
0x0000007c8bdff0b0:   0000000000989680 0000000000989680   ................
0x0000007c8bdff0c0:   0000007c8bdff1d0 00007ff969edcc21   ....|...!..i....
0x0000007c8bdff0d0:   00007ff96a024ca0 00007ff96a024cf8   .L.j.....L.j....
0x0000007c8bdff0e0:   00007ff900000000 0000000000000001   ................

Instructions: (pc=0x00007ff969ee26c4)
  0x00007ff969ee25c4:   cc cc cc cc cc cc cc cc cc cc cc cc cc cc cc cc
  0x00007ff969ee25d4:   cc cc cc cc cc cc cc cc cc cc cc cc cc cc cc cc
  0x00007ff969ee25e4:   cc cc cc cc cc cc cc cc cc cc cc cc cc cc cc cc
  0x00007ff969ee25f4:   cc cc cc cc cc cc cc cc cc cc cc cc cc cc cc cc
  0x00007ff969ee2604:   cc cc cc cc cc cc cc cc cc cc cc cc cc cc cc cc
  0x00007ff969ee2614:   cc cc cc cc cc cc cc cc cc cc cc cc cc cc cc cc
  0x00007ff969ee2624:   cc cc cc cc cc cc cc cc cc cc cc cc cc cc cc cc
  0x00007ff969ee2634:   cc cc cc cc cc cc cc cc cc cc cc cc cc cc cc cc
  0x00007ff969ee2644:   cc cc cc cc cc cc cc cc cc cc cc cc 40 57 48 83
  0x00007ff969ee2654:   ec 20 48 8b f9 48 8b 0d 10 28 14 00 48 85 c9 74
  0x00007ff969ee2664:   20 48 8b 01 48 8d 54 24 38 41 b8 06 00 01 00 4c
  0x00007ff969ee2674:   8b 48 30 41 ff d1 85 c0 75 07 48 8b 4c 24 38 eb
  0x00007ff969ee2684:   02 33 c9 4c 8b 05 ea 28 14 00 48 89 5c 24 30 4d
  0x00007ff969ee2694:   85 c0 74 4a 48 8b 01 48 8b d7 4c 8b 88 28 03 00
  0x00007ff969ee26a4:   00 41 ff d1 48 85 c0 74 35 48 63 0d f8 e6 13 00
  0x00007ff969ee26b4:   48 8b 14 01 48 85 d2 74 15 48 63 05 fc e6 13 00
=>0x00007ff969ee26c4:   8b 04 10 48 8b 5c 24 30 48 83 c4 20 5f c3 b8 ff
  0x00007ff969ee26d4:   ff ff ff 48 8b 5c 24 30 48 83 c4 20 5f c3 80 3d
  0x00007ff969ee26e4:   9b 27 14 00 00 bb ff ff ff ff 74 20 4c 8b 0d 31
  0x00007ff969ee26f4:   24 14 00 4c 8d 44 24 38 48 8b 0d 15 24 14 00 48
  0x00007ff969ee2704:   8b d7 41 ff d1 85 c0 0f 44 5c 24 38 8b c3 48 8b
  0x00007ff969ee2714:   5c 24 30 48 83 c4 20 5f c3 cc cc cc cc cc cc cc
  0x00007ff969ee2724:   cc cc cc cc cc cc cc cc cc cc cc cc cc cc cc cc
  0x00007ff969ee2734:   cc cc cc cc cc cc cc cc cc cc cc cc cc cc cc cc
  0x00007ff969ee2744:   cc cc cc cc cc cc cc cc cc cc cc cc 48 89 54 24
  0x00007ff969ee2754:   10 53 55 56 57 41 56 41 57 48 83 ec 28 48 8b f2
  0x00007ff969ee2764:   4c 8b f1 48 89 4c 24 78 45 33 ff 44 89 7c 24 68
  0x00007ff969ee2774:   c7 44 24 60 01 00 00 00 48 8d 4c 24 68 e8 ed 42
  0x00007ff969ee2784:   f7 ff 8b d8 48 8d 4c 24 60 e8 e1 42 f7 ff 8b e8
  0x00007ff969ee2794:   49 8b ce e8 00 fc f6 ff 48 8b f8 90 8b c3 f0 0f
  0x00007ff969ee27a4:   b1 2f 74 04 f3 90 eb f4 4c 89 3e 4c 89 7e 08 4c
  0x00007ff969ee27b4:   89 7e 10 49 8b 6e 08 4d 8b 76 10 49 3b ee 0f 84


Stack slot to memory mapping:

stack at sp + 0 slots: 0x0000007c8bdff060 is pointing into the stack for thread: 0x0000021fde14bc90
stack at sp + 1 slots: 0x0000021fe33d7450 points into unknown readable memory: 0x000000070ec00040 | 40 00 c0 0e 07 00 00 00
stack at sp + 2 slots: 0x0 is null
stack at sp + 3 slots: 0x0000021fde14c468 points into unknown readable memory: 0x6e616c2e6176616a | 6a 61 76 61 2e 6c 61 6e
stack at sp + 4 slots: 0x0000000000000037 is an unknown value
stack at sp + 5 slots: 0x00007ff969ee2b9b libasyncProfiler.dll
stack at sp + 6 slots: 0x0 is null
stack at sp + 7 slots: 0x0000021fde14c0d8 points into unknown readable memory: 0x00007ff988466b50 | 50 6b 46 88 f9 7f 00 00

Lock stack of current Java thread (top to bottom):


---------------  P R O C E S S  ---------------

Threads class SMR info:
_java_thread_list=0x0000021fde6e3c30, length=34, elements={
0x0000021fbc8d6e60, 0x0000021fde1447b0, 0x0000021fde144f70, 0x0000021fde149c30,
0x0000021fde14bc90, 0x0000021fde14d3c0, 0x0000021fde152c40, 0x0000021fde15f6d0,
0x0000021fde167ba0, 0x0000021fde345ab0, 0x0000021fde3724c0, 0x0000021fde610a20,
0x0000021fe31752b0, 0x0000021fe327bc00, 0x0000021fe325ec40, 0x0000021fe3271d90,
0x0000021fe320d430, 0x0000021fe3111240, 0x0000021fe31121e0, 0x0000021fe3113180,
0x0000021fe3114120, 0x0000021fe3549120, 0x0000021fe35498f0, 0x0000021fe36b2000,
0x0000021fe36b4ee0, 0x0000021fe36b6650, 0x0000021fe30bb450, 0x0000021fe36b56b0,
0x0000021fe30bf4d0, 0x0000021fe30bbc60, 0x0000021fe30c1510, 0x0000021fe30be4b0,
0x0000021fe30c3550, 0x0000021fde159610
}

Java Threads: ( => current thread )
  0x0000021fbc8d6e60 JavaThread "Forwarding get on session adeb35a2-894f-42af-a857-666bf1b389c7 to remote"        [_thread_blocked, id=12100, stack(0x0000007c8b200000,0x0000007c8b300000) (1024K)]
  0x0000021fde1447b0 JavaThread "Reference Handler"          daemon [_thread_blocked, id=2652, stack(0x0000007c8ba00000,0x0000007c8bb00000) (1024K)]
  0x0000021fde144f70 JavaThread "Finalizer"                  daemon [_thread_blocked, id=11980, stack(0x0000007c8bb00000,0x0000007c8bc00000) (1024K)]
  0x0000021fde149c30 JavaThread "Signal Dispatcher"          daemon [_thread_blocked, id=5684, stack(0x0000007c8bc00000,0x0000007c8bd00000) (1024K)]
=>0x0000021fde14bc90 JavaThread "Attach Listener"            daemon [_thread_in_native, id=10116, stack(0x0000007c8bd00000,0x0000007c8be00000) (1024K)]
  0x0000021fde14d3c0 JavaThread "Service Thread"             daemon [_thread_blocked, id=15316, stack(0x0000007c8be00000,0x0000007c8bf00000) (1024K)]
  0x0000021fde152c40 JavaThread "Monitor Deflation Thread"   daemon [_thread_blocked, id=3852, stack(0x0000007c8bf00000,0x0000007c8c000000) (1024K)]
  0x0000021fde15f6d0 JavaThread "C2 CompilerThread0"         daemon [_thread_blocked, id=7788, stack(0x0000007c8c000000,0x0000007c8c100000) (1024K)]
  0x0000021fde167ba0 JavaThread "C1 CompilerThread0"         daemon [_thread_blocked, id=21768, stack(0x0000007c8c100000,0x0000007c8c200000) (1024K)]
  0x0000021fde345ab0 JavaThread "Common-Cleaner"             daemon [_thread_blocked, id=22512, stack(0x0000007c8c600000,0x0000007c8c700000) (1024K)]
  0x0000021fde3724c0 JavaThread "Monitor Ctrl-Break"         daemon [_thread_in_native, id=9076, stack(0x0000007c8c900000,0x0000007c8ca00000) (1024K)]
  0x0000021fde610a20 JavaThread "Notification Thread"        daemon [_thread_blocked, id=9604, stack(0x0000007c8ca00000,0x0000007c8cb00000) (1024K)]
  0x0000021fe31752b0 JavaThread "RMI TCP Accept-0"           daemon [_thread_in_native, id=14772, stack(0x0000007c8cb00000,0x0000007c8cc00000) (1024K)]
  0x0000021fe327bc00 JavaThread "RMI TCP Connection(1)-26.66.113.233" daemon [_thread_in_native, id=5952, stack(0x0000007c8cf00000,0x0000007c8d000000) (1024K)]
  0x0000021fe325ec40 JavaThread "RMI Scheduler(0)"           daemon [_thread_blocked, id=9680, stack(0x0000007c8d000000,0x0000007c8d100000) (1024K)]
  0x0000021fe3271d90 JavaThread "JMX server connection timeout 46" daemon [_thread_blocked, id=5224, stack(0x0000007c8d100000,0x0000007c8d200000) (1024K)]
  0x0000021fe320d430 JavaThread "ForkJoinPool.commonPool-worker-1" daemon [_thread_blocked, id=23168, stack(0x0000007c8d200000,0x0000007c8d300000) (1024K)]
  0x0000021fe3111240 JavaThread "HttpClient-1-SelectorManager" daemon [_thread_in_native, id=22816, stack(0x0000007c8d300000,0x0000007c8d400000) (1024K)]
  0x0000021fe31121e0 JavaThread "External Process Output Forwarder - C:\Users\u0259\.cache\selenium\geckodriver\win64\0.36.0\geckodriver.exe" daemon [_thread_in_native, id=12688, stack(0x0000007c8d400000,0x0000007c8d500000) (1024K)]
  0x0000021fe3113180 JavaThread "Driver Service Executor"    daemon [_thread_blocked, id=22340, stack(0x0000007c8d500000,0x0000007c8d600000) (1024K)]
  0x0000021fe3114120 JavaThread "Driver Service Executor"    daemon [_thread_blocked, id=20656, stack(0x0000007c8d600000,0x0000007c8d700000) (1024K)]
  0x0000021fe3549120 JavaThread "JdkHttpClient-0-0"          daemon [_thread_blocked, id=12612, stack(0x0000007c8cd00000,0x0000007c8ce00000) (1024K)]
  0x0000021fe35498f0 JavaThread "ForkJoinPool.commonPool-delayScheduler" daemon [_thread_blocked, id=23284, stack(0x0000007c8ce00000,0x0000007c8cf00000) (1024K)]
  0x0000021fe36b2000 JavaThread "JdkHttpClient-0-1"          daemon [_thread_blocked, id=18348, stack(0x0000007c8e100000,0x0000007c8e200000) (1024K)]
  0x0000021fe36b4ee0 JavaThread "JdkHttpClient-0-2"          daemon [_thread_blocked, id=22392, stack(0x0000007c8e200000,0x0000007c8e300000) (1024K)]
  0x0000021fe36b6650 JavaThread "JdkHttpClient-0-3"          daemon [_thread_blocked, id=10356, stack(0x0000007c8e300000,0x0000007c8e400000) (1024K)]
  0x0000021fe30bb450 JavaThread "C2 CompilerThread1"         daemon [_thread_blocked, id=17288, stack(0x0000007c8c200000,0x0000007c8c300000) (1024K)]
  0x0000021fe36b56b0 JavaThread "JFR Recorder Thread"        daemon [_thread_in_native, id=18576, stack(0x0000007c8c300000,0x0000007c8c400000) (1024K)]
  0x0000021fe30bf4d0 JavaThread "C1 CompilerThread1"         daemon [_thread_blocked, id=19916, stack(0x0000007c8c400000,0x0000007c8c500000) (1024K)]
  0x0000021fe30bbc60 JavaThread "C1 CompilerThread2"         daemon [_thread_blocked, id=16636, stack(0x0000007c8c500000,0x0000007c8c600000) (1024K)]
  0x0000021fe30c1510 JavaThread "C1 CompilerThread3"         daemon [_thread_blocked, id=1952, stack(0x0000007c8c700000,0x0000007c8c800000) (1024K)]
  0x0000021fe30be4b0 JavaThread "C2 CompilerThread2"         daemon [_thread_blocked, id=17272, stack(0x0000007c8c800000,0x0000007c8c900000) (1024K)]
  0x0000021fe30c3550 JavaThread "C2 CompilerThread3"         daemon [_thread_blocked, id=11500, stack(0x0000007c8cc00000,0x0000007c8cd00000) (1024K)]
  0x0000021fde159610 JavaThread "JFR Periodic Tasks"         daemon [_thread_blocked, id=20328, stack(0x0000007c8e400000,0x0000007c8e500000) (1024K)]
Total: 34

Other Threads:
  0x0000021fde133810 VMThread "VM Thread"                           [id=23228, stack(0x0000007c8b900000,0x0000007c8ba00000) (1024K)]
  0x0000021fda75ed70 WatcherThread "VM Periodic Task Thread"        [id=5696, stack(0x0000007c8b800000,0x0000007c8b900000) (1024K)]
  0x0000021fbc942fd0 WorkerThread "GC Thread#0"                     [id=19828, stack(0x0000007c8b300000,0x0000007c8b400000) (1024K)]
  0x0000021fe33b4850 WorkerThread "GC Thread#1"                     [id=18652, stack(0x0000007c8d800000,0x0000007c8d900000) (1024K)]
  0x0000021fe33b4ca0 WorkerThread "GC Thread#2"                     [id=18440, stack(0x0000007c8d900000,0x0000007c8da00000) (1024K)]
  0x0000021fe33b5540 WorkerThread "GC Thread#3"                     [id=3156, stack(0x0000007c8da00000,0x0000007c8db00000) (1024K)]
  0x0000021fe33b2180 WorkerThread "GC Thread#4"                     [id=19536, stack(0x0000007c8db00000,0x0000007c8dc00000) (1024K)]
  0x0000021fe33b25d0 WorkerThread "GC Thread#5"                     [id=2056, stack(0x0000007c8dc00000,0x0000007c8dd00000) (1024K)]
  0x0000021fe33b2a20 WorkerThread "GC Thread#6"                     [id=18072, stack(0x0000007c8dd00000,0x0000007c8de00000) (1024K)]
  0x0000021fe33b3fb0 WorkerThread "GC Thread#7"                     [id=3492, stack(0x0000007c8de00000,0x0000007c8df00000) (1024K)]
  0x0000021fe33b50f0 WorkerThread "GC Thread#8"                     [id=16148, stack(0x0000007c8df00000,0x0000007c8e000000) (1024K)]
  0x0000021fe33b18e0 WorkerThread "GC Thread#9"                     [id=23292, stack(0x0000007c8e000000,0x0000007c8e100000) (1024K)]
  0x0000021fda6d2010 ConcurrentGCThread "G1 Main Marker"            [id=17700, stack(0x0000007c8b400000,0x0000007c8b500000) (1024K)]
  0x0000021fda6d3150 WorkerThread "G1 Conc#0"                       [id=23112, stack(0x0000007c8b500000,0x0000007c8b600000) (1024K)]
  0x0000021fda7525b0 ConcurrentGCThread "G1 Refine#0"               [id=18540, stack(0x0000007c8b600000,0x0000007c8b700000) (1024K)]
  0x0000021fda752e70 ConcurrentGCThread "G1 Service"                [id=20568, stack(0x0000007c8b700000,0x0000007c8b800000) (1024K)]
Total: 16

Threads with active compile tasks:
Total: 0

VM state: not at safepoint (normal execution)

VM Mutex/Monitor currently owned by a thread: None

Heap address: 0x0000000701e00000, size: 4066 MB, Compressed Oops mode: Zero based, Oop shift amount: 3

CDS archive(s) mapped at: [0x0000000024000000-0x0000000024dd0000-0x0000000024dd0000), size 14483456, SharedBaseAddress: 0x0000000024000000, ArchiveRelocationMode: 1.
Compressed class space mapped at: 0x0000000025000000-0x0000000065000000, reserved size: 1073741824
UseCompressedClassPointers 1, UseCompactObjectHeaders 0
Narrow klass pointer bits 32, Max shift 3
Narrow klass base: 0x0000000024000000, Narrow klass shift: 0
Encoding Range: [0x0000000024000000 - 0x0000000124000000), (4294967296 bytes)
Klass Range:    [0x0000000024010000 - 0x0000000065000000), (1090453504 bytes)
Klass ID Range:  [65536 - 1090519033) (1090453497)
Protection zone: [0x0000000024000000 - 0x0000000024010000), (65536 bytes)

GC Precious Log:
 CardTable entry size: 512
 Card Set container configuration: InlinePtr #cards 4 size 8 Array Of Cards #cards 16 size 48 Howl #buckets 8 coarsen threshold 3686 Howl Bitmap #cards 512 size 80 coarsen threshold 460 Card regions per heap region 1 cards per card region 4096
 CPUs: 32 total, 32 available
 Memory: 16263M
 Large Page Support: Disabled
 NUMA Support: Disabled
 Compressed Oops: Enabled (Zero based)
 Heap Region Size: 2M
 Heap Min Capacity: 8M
 Heap Initial Capacity: 256M
 Heap Max Capacity: 4066M
 Pre-touch: Disabled
 Parallel Workers: 23
 Concurrent Workers: 6
 Concurrent Refinement Workers: 23
 Periodic GC: Disabled

Heap:
 garbage-first heap   total reserved 4163584K, committed 264192K, used 26739K [0x0000000701e00000, 0x0000000800000000)
  region size 2048K, 13 young (26624K), 3 survivors (6144K)

Heap Regions: E=young(eden), S=young(survivor), O=old, HS=humongous(starts), HC=humongous(continues), CS=collection set, F=free, TAMS=top-at-mark-start, PB=parsable bottom
|   0|0x0000000701e00000, 0x0000000701ef8180, 0x0000000702000000| 48%| O|  |TAMS 0x0000000701e00000| PB 0x0000000701e00000| Untracked |  0
|   1|0x0000000702000000, 0x0000000702000000, 0x0000000702200000|  0%| F|  |TAMS 0x0000000702000000| PB 0x0000000702000000| Untracked |  0
|   2|0x0000000702200000, 0x0000000702200000, 0x0000000702400000|  0%| F|  |TAMS 0x0000000702200000| PB 0x0000000702200000| Untracked |  0
|   3|0x0000000702400000, 0x0000000702400000, 0x0000000702600000|  0%| F|  |TAMS 0x0000000702400000| PB 0x0000000702400000| Untracked |  0
|   4|0x0000000702600000, 0x0000000702600000, 0x0000000702800000|  0%| F|  |TAMS 0x0000000702600000| PB 0x0000000702600000| Untracked |  0
|   5|0x0000000702800000, 0x0000000702800000, 0x0000000702a00000|  0%| F|  |TAMS 0x0000000702800000| PB 0x0000000702800000| Untracked |  0
|   6|0x0000000702a00000, 0x0000000702a00000, 0x0000000702c00000|  0%| F|  |TAMS 0x0000000702a00000| PB 0x0000000702a00000| Untracked |  0
|   7|0x0000000702c00000, 0x0000000702c00000, 0x0000000702e00000|  0%| F|  |TAMS 0x0000000702c00000| PB 0x0000000702c00000| Untracked |  0
|   8|0x0000000702e00000, 0x0000000702e00000, 0x0000000703000000|  0%| F|  |TAMS 0x0000000702e00000| PB 0x0000000702e00000| Untracked |  0
|   9|0x0000000703000000, 0x0000000703000000, 0x0000000703200000|  0%| F|  |TAMS 0x0000000703000000| PB 0x0000000703000000| Untracked |  0
|  10|0x0000000703200000, 0x0000000703200000, 0x0000000703400000|  0%| F|  |TAMS 0x0000000703200000| PB 0x0000000703200000| Untracked |  0
|  11|0x0000000703400000, 0x0000000703400000, 0x0000000703600000|  0%| F|  |TAMS 0x0000000703400000| PB 0x0000000703400000| Untracked |  0
|  12|0x0000000703600000, 0x0000000703600000, 0x0000000703800000|  0%| F|  |TAMS 0x0000000703600000| PB 0x0000000703600000| Untracked |  0
|  13|0x0000000703800000, 0x0000000703800000, 0x0000000703a00000|  0%| F|  |TAMS 0x0000000703800000| PB 0x0000000703800000| Untracked |  0
|  14|0x0000000703a00000, 0x0000000703a00000, 0x0000000703c00000|  0%| F|  |TAMS 0x0000000703a00000| PB 0x0000000703a00000| Untracked |  0
|  15|0x0000000703c00000, 0x0000000703c00000, 0x0000000703e00000|  0%| F|  |TAMS 0x0000000703c00000| PB 0x0000000703c00000| Untracked |  0
|  16|0x0000000703e00000, 0x0000000703e00000, 0x0000000704000000|  0%| F|  |TAMS 0x0000000703e00000| PB 0x0000000703e00000| Untracked |  0
|  17|0x0000000704000000, 0x0000000704000000, 0x0000000704200000|  0%| F|  |TAMS 0x0000000704000000| PB 0x0000000704000000| Untracked |  0
|  18|0x0000000704200000, 0x0000000704200000, 0x0000000704400000|  0%| F|  |TAMS 0x0000000704200000| PB 0x0000000704200000| Untracked |  0
|  19|0x0000000704400000, 0x0000000704400000, 0x0000000704600000|  0%| F|  |TAMS 0x0000000704400000| PB 0x0000000704400000| Untracked |  0
|  20|0x0000000704600000, 0x0000000704600000, 0x0000000704800000|  0%| F|  |TAMS 0x0000000704600000| PB 0x0000000704600000| Untracked |  0
|  21|0x0000000704800000, 0x0000000704800000, 0x0000000704a00000|  0%| F|  |TAMS 0x0000000704800000| PB 0x0000000704800000| Untracked |  0
|  22|0x0000000704a00000, 0x0000000704a00000, 0x0000000704c00000|  0%| F|  |TAMS 0x0000000704a00000| PB 0x0000000704a00000| Untracked |  0
|  23|0x0000000704c00000, 0x0000000704c00000, 0x0000000704e00000|  0%| F|  |TAMS 0x0000000704c00000| PB 0x0000000704c00000| Untracked |  0
|  24|0x0000000704e00000, 0x0000000704e00000, 0x0000000705000000|  0%| F|  |TAMS 0x0000000704e00000| PB 0x0000000704e00000| Untracked |  0
|  25|0x0000000705000000, 0x0000000705000000, 0x0000000705200000|  0%| F|  |TAMS 0x0000000705000000| PB 0x0000000705000000| Untracked |  0
|  26|0x0000000705200000, 0x0000000705200000, 0x0000000705400000|  0%| F|  |TAMS 0x0000000705200000| PB 0x0000000705200000| Untracked |  0
|  27|0x0000000705400000, 0x0000000705400000, 0x0000000705600000|  0%| F|  |TAMS 0x0000000705400000| PB 0x0000000705400000| Untracked |  0
|  28|0x0000000705600000, 0x0000000705600000, 0x0000000705800000|  0%| F|  |TAMS 0x0000000705600000| PB 0x0000000705600000| Untracked |  0
|  29|0x0000000705800000, 0x0000000705800000, 0x0000000705a00000|  0%| F|  |TAMS 0x0000000705800000| PB 0x0000000705800000| Untracked |  0
|  30|0x0000000705a00000, 0x0000000705a00000, 0x0000000705c00000|  0%| F|  |TAMS 0x0000000705a00000| PB 0x0000000705a00000| Untracked |  0
|  31|0x0000000705c00000, 0x0000000705c00000, 0x0000000705e00000|  0%| F|  |TAMS 0x0000000705c00000| PB 0x0000000705c00000| Untracked |  0
|  32|0x0000000705e00000, 0x0000000705e00000, 0x0000000706000000|  0%| F|  |TAMS 0x0000000705e00000| PB 0x0000000705e00000| Untracked |  0
|  33|0x0000000706000000, 0x0000000706000000, 0x0000000706200000|  0%| F|  |TAMS 0x0000000706000000| PB 0x0000000706000000| Untracked |  0
|  34|0x0000000706200000, 0x0000000706200000, 0x0000000706400000|  0%| F|  |TAMS 0x0000000706200000| PB 0x0000000706200000| Untracked |  0
|  35|0x0000000706400000, 0x0000000706400000, 0x0000000706600000|  0%| F|  |TAMS 0x0000000706400000| PB 0x0000000706400000| Untracked |  0
|  36|0x0000000706600000, 0x0000000706600000, 0x0000000706800000|  0%| F|  |TAMS 0x0000000706600000| PB 0x0000000706600000| Untracked |  0
|  37|0x0000000706800000, 0x0000000706800000, 0x0000000706a00000|  0%| F|  |TAMS 0x0000000706800000| PB 0x0000000706800000| Untracked |  0
|  38|0x0000000706a00000, 0x0000000706a00000, 0x0000000706c00000|  0%| F|  |TAMS 0x0000000706a00000| PB 0x0000000706a00000| Untracked |  0
|  39|0x0000000706c00000, 0x0000000706c00000, 0x0000000706e00000|  0%| F|  |TAMS 0x0000000706c00000| PB 0x0000000706c00000| Untracked |  0
|  40|0x0000000706e00000, 0x0000000706e00000, 0x0000000707000000|  0%| F|  |TAMS 0x0000000706e00000| PB 0x0000000706e00000| Untracked |  0
|  41|0x0000000707000000, 0x0000000707000000, 0x0000000707200000|  0%| F|  |TAMS 0x0000000707000000| PB 0x0000000707000000| Untracked |  0
|  42|0x0000000707200000, 0x0000000707200000, 0x0000000707400000|  0%| F|  |TAMS 0x0000000707200000| PB 0x0000000707200000| Untracked |  0
|  43|0x0000000707400000, 0x0000000707400000, 0x0000000707600000|  0%| F|  |TAMS 0x0000000707400000| PB 0x0000000707400000| Untracked |  0
|  44|0x0000000707600000, 0x0000000707600000, 0x0000000707800000|  0%| F|  |TAMS 0x0000000707600000| PB 0x0000000707600000| Untracked |  0
|  45|0x0000000707800000, 0x0000000707800000, 0x0000000707a00000|  0%| F|  |TAMS 0x0000000707800000| PB 0x0000000707800000| Untracked |  0
|  46|0x0000000707a00000, 0x0000000707a00000, 0x0000000707c00000|  0%| F|  |TAMS 0x0000000707a00000| PB 0x0000000707a00000| Untracked |  0
|  47|0x0000000707c00000, 0x0000000707c00000, 0x0000000707e00000|  0%| F|  |TAMS 0x0000000707c00000| PB 0x0000000707c00000| Untracked |  0
|  48|0x0000000707e00000, 0x0000000707e00000, 0x0000000708000000|  0%| F|  |TAMS 0x0000000707e00000| PB 0x0000000707e00000| Untracked |  0
|  49|0x0000000708000000, 0x0000000708000000, 0x0000000708200000|  0%| F|  |TAMS 0x0000000708000000| PB 0x0000000708000000| Untracked |  0
|  50|0x0000000708200000, 0x0000000708200000, 0x0000000708400000|  0%| F|  |TAMS 0x0000000708200000| PB 0x0000000708200000| Untracked |  0
|  51|0x0000000708400000, 0x0000000708400000, 0x0000000708600000|  0%| F|  |TAMS 0x0000000708400000| PB 0x0000000708400000| Untracked |  0
|  52|0x0000000708600000, 0x0000000708600000, 0x0000000708800000|  0%| F|  |TAMS 0x0000000708600000| PB 0x0000000708600000| Untracked |  0
|  53|0x0000000708800000, 0x0000000708800000, 0x0000000708a00000|  0%| F|  |TAMS 0x0000000708800000| PB 0x0000000708800000| Untracked |  0
|  54|0x0000000708a00000, 0x0000000708a00000, 0x0000000708c00000|  0%| F|  |TAMS 0x0000000708a00000| PB 0x0000000708a00000| Untracked |  0
|  55|0x0000000708c00000, 0x0000000708c00000, 0x0000000708e00000|  0%| F|  |TAMS 0x0000000708c00000| PB 0x0000000708c00000| Untracked |  0
|  56|0x0000000708e00000, 0x0000000708e00000, 0x0000000709000000|  0%| F|  |TAMS 0x0000000708e00000| PB 0x0000000708e00000| Untracked |  0
|  57|0x0000000709000000, 0x0000000709000000, 0x0000000709200000|  0%| F|  |TAMS 0x0000000709000000| PB 0x0000000709000000| Untracked |  0
|  58|0x0000000709200000, 0x0000000709200000, 0x0000000709400000|  0%| F|  |TAMS 0x0000000709200000| PB 0x0000000709200000| Untracked |  0
|  59|0x0000000709400000, 0x0000000709400000, 0x0000000709600000|  0%| F|  |TAMS 0x0000000709400000| PB 0x0000000709400000| Untracked |  0
|  60|0x0000000709600000, 0x0000000709600000, 0x0000000709800000|  0%| F|  |TAMS 0x0000000709600000| PB 0x0000000709600000| Untracked |  0
|  61|0x0000000709800000, 0x0000000709800000, 0x0000000709a00000|  0%| F|  |TAMS 0x0000000709800000| PB 0x0000000709800000| Untracked |  0
|  62|0x0000000709a00000, 0x0000000709a00000, 0x0000000709c00000|  0%| F|  |TAMS 0x0000000709a00000| PB 0x0000000709a00000| Untracked |  0
|  63|0x0000000709c00000, 0x0000000709c00000, 0x0000000709e00000|  0%| F|  |TAMS 0x0000000709c00000| PB 0x0000000709c00000| Untracked |  0
|  64|0x0000000709e00000, 0x0000000709e00000, 0x000000070a000000|  0%| F|  |TAMS 0x0000000709e00000| PB 0x0000000709e00000| Untracked |  0
|  65|0x000000070a000000, 0x000000070a000000, 0x000000070a200000|  0%| F|  |TAMS 0x000000070a000000| PB 0x000000070a000000| Untracked |  0
|  66|0x000000070a200000, 0x000000070a200000, 0x000000070a400000|  0%| F|  |TAMS 0x000000070a200000| PB 0x000000070a200000| Untracked |  0
|  67|0x000000070a400000, 0x000000070a400000, 0x000000070a600000|  0%| F|  |TAMS 0x000000070a400000| PB 0x000000070a400000| Untracked |  0
|  68|0x000000070a600000, 0x000000070a600000, 0x000000070a800000|  0%| F|  |TAMS 0x000000070a600000| PB 0x000000070a600000| Untracked |  0
|  69|0x000000070a800000, 0x000000070a800000, 0x000000070aa00000|  0%| F|  |TAMS 0x000000070a800000| PB 0x000000070a800000| Untracked |  0
|  70|0x000000070aa00000, 0x000000070aa00000, 0x000000070ac00000|  0%| F|  |TAMS 0x000000070aa00000| PB 0x000000070aa00000| Untracked |  0
|  71|0x000000070ac00000, 0x000000070ac00000, 0x000000070ae00000|  0%| F|  |TAMS 0x000000070ac00000| PB 0x000000070ac00000| Untracked |  0
|  72|0x000000070ae00000, 0x000000070ae00000, 0x000000070b000000|  0%| F|  |TAMS 0x000000070ae00000| PB 0x000000070ae00000| Untracked |  0
|  73|0x000000070b000000, 0x000000070b000000, 0x000000070b200000|  0%| F|  |TAMS 0x000000070b000000| PB 0x000000070b000000| Untracked |  0
|  74|0x000000070b200000, 0x000000070b200000, 0x000000070b400000|  0%| F|  |TAMS 0x000000070b200000| PB 0x000000070b200000| Untracked |  0
|  75|0x000000070b400000, 0x000000070b400000, 0x000000070b600000|  0%| F|  |TAMS 0x000000070b400000| PB 0x000000070b400000| Untracked |  0
|  76|0x000000070b600000, 0x000000070b600000, 0x000000070b800000|  0%| F|  |TAMS 0x000000070b600000| PB 0x000000070b600000| Untracked |  0
|  77|0x000000070b800000, 0x000000070b800000, 0x000000070ba00000|  0%| F|  |TAMS 0x000000070b800000| PB 0x000000070b800000| Untracked |  0
|  78|0x000000070ba00000, 0x000000070ba00000, 0x000000070bc00000|  0%| F|  |TAMS 0x000000070ba00000| PB 0x000000070ba00000| Untracked |  0
|  79|0x000000070bc00000, 0x000000070bc00000, 0x000000070be00000|  0%| F|  |TAMS 0x000000070bc00000| PB 0x000000070bc00000| Untracked |  0
|  80|0x000000070be00000, 0x000000070be00000, 0x000000070c000000|  0%| F|  |TAMS 0x000000070be00000| PB 0x000000070be00000| Untracked |  0
|  81|0x000000070c000000, 0x000000070c000000, 0x000000070c200000|  0%| F|  |TAMS 0x000000070c000000| PB 0x000000070c000000| Untracked |  0
|  82|0x000000070c200000, 0x000000070c200000, 0x000000070c400000|  0%| F|  |TAMS 0x000000070c200000| PB 0x000000070c200000| Untracked |  0
|  83|0x000000070c400000, 0x000000070c400000, 0x000000070c600000|  0%| F|  |TAMS 0x000000070c400000| PB 0x000000070c400000| Untracked |  0
|  84|0x000000070c600000, 0x000000070c600000, 0x000000070c800000|  0%| F|  |TAMS 0x000000070c600000| PB 0x000000070c600000| Untracked |  0
|  85|0x000000070c800000, 0x000000070c800000, 0x000000070ca00000|  0%| F|  |TAMS 0x000000070c800000| PB 0x000000070c800000| Untracked |  0
|  86|0x000000070ca00000, 0x000000070ca00000, 0x000000070cc00000|  0%| F|  |TAMS 0x000000070ca00000| PB 0x000000070ca00000| Untracked |  0
|  87|0x000000070cc00000, 0x000000070cc00000, 0x000000070ce00000|  0%| F|  |TAMS 0x000000070cc00000| PB 0x000000070cc00000| Untracked |  0
|  88|0x000000070ce00000, 0x000000070ce00000, 0x000000070d000000|  0%| F|  |TAMS 0x000000070ce00000| PB 0x000000070ce00000| Untracked |  0
|  89|0x000000070d000000, 0x000000070d000000, 0x000000070d200000|  0%| F|  |TAMS 0x000000070d000000| PB 0x000000070d000000| Untracked |  0
|  90|0x000000070d200000, 0x000000070d200000, 0x000000070d400000|  0%| F|  |TAMS 0x000000070d200000| PB 0x000000070d200000| Untracked |  0
|  91|0x000000070d400000, 0x000000070d400000, 0x000000070d600000|  0%| F|  |TAMS 0x000000070d400000| PB 0x000000070d400000| Untracked |  0
|  92|0x000000070d600000, 0x000000070d600000, 0x000000070d800000|  0%| F|  |TAMS 0x000000070d600000| PB 0x000000070d600000| Untracked |  0
|  93|0x000000070d800000, 0x000000070d800000, 0x000000070da00000|  0%| F|  |TAMS 0x000000070d800000| PB 0x000000070d800000| Untracked |  0
|  94|0x000000070da00000, 0x000000070da00000, 0x000000070dc00000|  0%| F|  |TAMS 0x000000070da00000| PB 0x000000070da00000| Untracked |  0
|  95|0x000000070dc00000, 0x000000070dc00000, 0x000000070de00000|  0%| F|  |TAMS 0x000000070dc00000| PB 0x000000070dc00000| Untracked |  0
|  96|0x000000070de00000, 0x000000070de00000, 0x000000070e000000|  0%| F|  |TAMS 0x000000070de00000| PB 0x000000070de00000| Untracked |  0
|  97|0x000000070e000000, 0x000000070e000000, 0x000000070e200000|  0%| F|  |TAMS 0x000000070e000000| PB 0x000000070e000000| Untracked |  0
|  98|0x000000070e200000, 0x000000070e200000, 0x000000070e400000|  0%| F|  |TAMS 0x000000070e200000| PB 0x000000070e200000| Untracked |  0
|  99|0x000000070e400000, 0x000000070e400000, 0x000000070e600000|  0%| F|  |TAMS 0x000000070e400000| PB 0x000000070e400000| Untracked |  0
| 100|0x000000070e600000, 0x000000070e600000, 0x000000070e800000|  0%| F|  |TAMS 0x000000070e600000| PB 0x000000070e600000| Untracked |  0
| 101|0x000000070e800000, 0x000000070ea00000, 0x000000070ea00000|100%| S|CS|TAMS 0x000000070e800000| PB 0x000000070e800000| Complete |  0
| 102|0x000000070ea00000, 0x000000070ec00000, 0x000000070ec00000|100%| S|CS|TAMS 0x000000070ea00000| PB 0x000000070ea00000| Complete |  0
| 103|0x000000070ec00000, 0x000000070ee00000, 0x000000070ee00000|100%| S|CS|TAMS 0x000000070ec00000| PB 0x000000070ec00000| Complete |  0
| 104|0x000000070ee00000, 0x000000070ee00000, 0x000000070f000000|  0%| F|  |TAMS 0x000000070ee00000| PB 0x000000070ee00000| Untracked |  0
| 105|0x000000070f000000, 0x000000070f000000, 0x000000070f200000|  0%| F|  |TAMS 0x000000070f000000| PB 0x000000070f000000| Untracked |  0
| 106|0x000000070f200000, 0x000000070f200000, 0x000000070f400000|  0%| F|  |TAMS 0x000000070f200000| PB 0x000000070f200000| Untracked |  0
| 107|0x000000070f400000, 0x000000070f400000, 0x000000070f600000|  0%| F|  |TAMS 0x000000070f400000| PB 0x000000070f400000| Untracked |  0
| 108|0x000000070f600000, 0x000000070f600000, 0x000000070f800000|  0%| F|  |TAMS 0x000000070f600000| PB 0x000000070f600000| Untracked |  0
| 109|0x000000070f800000, 0x000000070f800000, 0x000000070fa00000|  0%| F|  |TAMS 0x000000070f800000| PB 0x000000070f800000| Untracked |  0
| 110|0x000000070fa00000, 0x000000070fa00000, 0x000000070fc00000|  0%| F|  |TAMS 0x000000070fa00000| PB 0x000000070fa00000| Untracked |  0
| 111|0x000000070fc00000, 0x000000070fc00000, 0x000000070fe00000|  0%| F|  |TAMS 0x000000070fc00000| PB 0x000000070fc00000| Untracked |  0
| 112|0x000000070fe00000, 0x000000070fe00000, 0x0000000710000000|  0%| F|  |TAMS 0x000000070fe00000| PB 0x000000070fe00000| Untracked |  0
| 113|0x0000000710000000, 0x0000000710000000, 0x0000000710200000|  0%| F|  |TAMS 0x0000000710000000| PB 0x0000000710000000| Untracked |  0
| 114|0x0000000710200000, 0x0000000710200000, 0x0000000710400000|  0%| F|  |TAMS 0x0000000710200000| PB 0x0000000710200000| Untracked |  0
| 115|0x0000000710400000, 0x0000000710400000, 0x0000000710600000|  0%| F|  |TAMS 0x0000000710400000| PB 0x0000000710400000| Untracked |  0
| 116|0x0000000710600000, 0x0000000710600000, 0x0000000710800000|  0%| F|  |TAMS 0x0000000710600000| PB 0x0000000710600000| Untracked |  0
| 117|0x0000000710800000, 0x0000000710800000, 0x0000000710a00000|  0%| F|  |TAMS 0x0000000710800000| PB 0x0000000710800000| Untracked |  0
| 118|0x0000000710a00000, 0x0000000710c00000, 0x0000000710c00000|100%| E|  |TAMS 0x0000000710a00000| PB 0x0000000710a00000| Complete |  0
| 119|0x0000000710c00000, 0x0000000710e00000, 0x0000000710e00000|100%| E|CS|TAMS 0x0000000710c00000| PB 0x0000000710c00000| Complete |  0
| 120|0x0000000710e00000, 0x0000000711000000, 0x0000000711000000|100%| E|CS|TAMS 0x0000000710e00000| PB 0x0000000710e00000| Complete |  0
| 121|0x0000000711000000, 0x0000000711200000, 0x0000000711200000|100%| E|CS|TAMS 0x0000000711000000| PB 0x0000000711000000| Complete |  0
| 122|0x0000000711200000, 0x0000000711400000, 0x0000000711400000|100%| E|CS|TAMS 0x0000000711200000| PB 0x0000000711200000| Complete |  0
| 123|0x0000000711400000, 0x0000000711600000, 0x0000000711600000|100%| E|CS|TAMS 0x0000000711400000| PB 0x0000000711400000| Complete |  0
| 124|0x0000000711600000, 0x0000000711800000, 0x0000000711800000|100%| E|CS|TAMS 0x0000000711600000| PB 0x0000000711600000| Complete |  0
| 125|0x0000000711800000, 0x0000000711a00000, 0x0000000711a00000|100%| E|CS|TAMS 0x0000000711800000| PB 0x0000000711800000| Complete |  0
| 126|0x0000000711a00000, 0x0000000711c00000, 0x0000000711c00000|100%| E|CS|TAMS 0x0000000711a00000| PB 0x0000000711a00000| Complete |  0
| 127|0x0000000711c00000, 0x0000000711e00000, 0x0000000711e00000|100%| E|CS|TAMS 0x0000000711c00000| PB 0x0000000711c00000| Complete |  0
|2032|0x00000007ffe00000, 0x00000007fff24e30, 0x0000000800000000| 57%| O|  |TAMS 0x00000007ffe00000| PB 0x00000007ffe00000| Untracked |  0

Card table byte_map: [0x0000021fd5db0000,0x0000021fd65b0000] _byte_map_base: 0x0000021fd25a1000

Marking Bits: (CMBitMap*) 0x0000021fbc943760
 Bits: [0x0000021fd65b0000, 0x0000021fda538000)

Polling page: 0x0000021fba960000

Metaspace:
Metaspace        used 15518K, committed 15872K, reserved 1114112K
 class space     used 1506K, committed 1664K, reserved 1048576K

Usage:
  Non-class:     13.68 MB used.
      Class:      1.47 MB used.
       Both:     15.16 MB used.

Virtual space:
  Non-class space:       64.00 MB reserved,      13.88 MB ( 22%) committed,  1 nodes.
      Class space:        1.00 GB reserved,       1.62 MB ( <1%) committed,  1 nodes.
             Both:        1.06 GB reserved,      15.50 MB (  1%) committed. 

Chunk freelists:
   Non-Class:  2.15 MB
       Class:  14.21 MB
        Both:  16.36 MB

MaxMetaspaceSize: unlimited
CompressedClassSpaceSize: 1.00 GB
Initial GC threshold: 21.00 MB
Current GC threshold: 21.00 MB
CDS: on
 - commit_granule_bytes: 65536.
 - commit_granule_words: 8192.
 - virtual_space_node_default_size: 8388608.
 - enlarge_chunks_in_place: 1.
UseCompressedClassPointers 1, UseCompactObjectHeaders 0
Narrow klass pointer bits 32, Max shift 3
Narrow klass base: 0x0000000024000000, Narrow klass shift: 0
Encoding Range: [0x0000000024000000 - 0x0000000124000000), (4294967296 bytes)
Klass Range:    [0x0000000024010000 - 0x0000000065000000), (1090453504 bytes)
Klass ID Range:  [65536 - 1090519033) (1090453497)
Protection zone: [0x0000000024000000 - 0x0000000024010000), (65536 bytes)


Internal statistics:

num_allocs_failed_limit: 0.
num_arena_births: 272.
num_arena_deaths: 0.
num_vsnodes_births: 2.
num_vsnodes_deaths: 0.
num_space_committed: 248.
num_space_uncommitted: 0.
num_chunks_returned_to_freelist: 0.
num_chunks_taken_from_freelist: 532.
num_chunk_merges: 0.
num_chunk_splits: 297.
num_chunks_enlarged: 157.
num_inconsistent_stats: 0.

CodeHeap 'non-profiled nmethods': size=118912Kb used=940Kb max_used=940Kb free=117971Kb
 bounds [0x0000021fccd30000, 0x0000021fccfa0000, 0x0000021fd4150000]
CodeHeap 'profiled nmethods': size=118848Kb used=5049Kb max_used=5049Kb free=113798Kb
 bounds [0x0000021fc5150000, 0x0000021fc5640000, 0x0000021fcc560000]
CodeHeap 'non-nmethods': size=8000Kb used=3148Kb max_used=3769Kb free=4851Kb
 bounds [0x0000021fcc560000, 0x0000021fcc920000, 0x0000021fccd30000]
CodeCache: size=245760Kb, used=9137Kb, max_used=9758Kb, free=236620Kb
 total_blobs=3841, nmethods=3255, adapters=485, full_count=0
Compilation: enabled, stopped_count=0, restarted_count=0

Compilation events (20 events):
Event: 25.961 Thread 0x0000021fe30bf4d0 nmethod 3251 0x0000021fc563bd08 code [0x0000021fc563be00, 0x0000021fc563c2b8]
Event: 25.962 Thread 0x0000021fde15f6d0 nmethod 3220 0x0000021fcce0c108 code [0x0000021fcce0c200, 0x0000021fcce0dbf0]
Event: 25.962 Thread 0x0000021fde15f6d0 3222       4       java.util.LinkedHashMap$Entry::<init> (10 bytes)
Event: 25.962 Thread 0x0000021fe30c1510 nmethod 3250 0x0000021fc563c308 code [0x0000021fc563c400, 0x0000021fc563d290]
Event: 25.962 Thread 0x0000021fe30bbc60 nmethod 3253 0x0000021fc563d308 code [0x0000021fc563d400, 0x0000021fc563e4a0]
Event: 25.962 Thread 0x0000021fde15f6d0 nmethod 3222 0x0000021fcce0dc08 code [0x0000021fcce0dd00, 0x0000021fcce0e130]
Event: 25.962 Thread 0x0000021fde15f6d0 3223       4       java.util.LinkedHashMap::afterNodeInsertion (40 bytes)
Event: 25.963 Thread 0x0000021fe30be4b0 nmethod 3210 0x0000021fcce0e188 code [0x0000021fcce0e280, 0x0000021fcce0f060]
Event: 25.963 Thread 0x0000021fe30be4b0 3228       4       java.util.AbstractSet::<init> (5 bytes)
Event: 25.963 Thread 0x0000021fde15f6d0 nmethod 3223 0x0000021fcce0f088 code [0x0000021fcce0f180, 0x0000021fcce0f210]
Event: 25.963 Thread 0x0000021fde15f6d0 3243       4       java.util.HashMap$KeyIterator::next (8 bytes)
Event: 25.963 Thread 0x0000021fe30be4b0 nmethod 3228 0x0000021fcce0f388 code [0x0000021fcce0f480, 0x0000021fcce0f4f8]
Event: 25.963 Thread 0x0000021fe30be4b0 3224       4       java.lang.Integer::valueOf (32 bytes)
Event: 25.964 Thread 0x0000021fe30be4b0 nmethod 3224 0x0000021fcce0f688 code [0x0000021fcce0f780, 0x0000021fcce0f870]
Event: 25.964 Thread 0x0000021fe30bb450 nmethod 3221 0x0000021fcce0f988 code [0x0000021fcce0fa80, 0x0000021fcce0ff58]
Event: 25.965 Thread 0x0000021fde15f6d0 nmethod 3243 0x0000021fcce0ff88 code [0x0000021fcce10080, 0x0000021fcce10670]
Event: 25.969 Thread 0x0000021fe30bbc60 3254       1       jdk.jfr.internal.periodic.EventTask::getEventType (5 bytes)
Event: 25.969 Thread 0x0000021fe30bbc60 nmethod 3254 0x0000021fcce10688 code [0x0000021fcce10780, 0x0000021fcce10848]
Event: 25.969 Thread 0x0000021fde167ba0 3255       1       jdk.jfr.internal.periodic.PeriodicTask::getPeriod (5 bytes)
Event: 25.969 Thread 0x0000021fde167ba0 nmethod 3255 0x0000021fcce10988 code [0x0000021fcce10a80, 0x0000021fcce10b48]

GC Heap Usage History (2 events):
Event: 0.901 {heap Before GC invocations=0 (full 0):
 garbage-first heap   total reserved 4163584K, committed 264192K, used 48275K [0x0000000701e00000, 0x0000000800000000)
  region size 2048K, 24 young (49152K), 0 survivors (0K)
}
Event: 0.911 {heap After GC invocations=1 (full 0):
 garbage-first heap   total reserved 4163584K, committed 264192K, used 8307K [0x0000000701e00000, 0x0000000800000000)
  region size 2048K, 3 young (6144K), 3 survivors (6144K)
}

Metaspace Usage History (2 events):
Event: 0.901 {metaspace Before GC invocations=0 (full 0):
 Metaspace       used 13101K, committed 13312K, reserved 1114112K
  class space    used 1240K, committed 1344K, reserved 1048576K
}
Event: 0.911 {metaspace After GC invocations=1 (full 0):
 Metaspace       used 13101K, committed 13312K, reserved 1114112K
  class space    used 1240K, committed 1344K, reserved 1048576K
}

Dll operation events (12 events):
Event: 0.023 Loaded shared library C:\Users\u0259\.jdks\openjdk-25\bin\java.dll
Event: 0.132 Loaded shared library C:\Users\u0259\.jdks\openjdk-25\bin\zip.dll
Event: 0.134 Loaded shared library C:\Users\u0259\.jdks\openjdk-25\bin\instrument.dll
Event: 0.139 Loaded shared library C:\Users\u0259\.jdks\openjdk-25\bin\net.dll
Event: 0.141 Loaded shared library C:\Users\u0259\.jdks\openjdk-25\bin\nio.dll
Event: 0.144 Loaded shared library C:\Users\u0259\.jdks\openjdk-25\bin\zip.dll
Event: 0.195 Loaded shared library C:\Users\u0259\.jdks\openjdk-25\bin\jimage.dll
Event: 0.211 Loaded shared library C:\Users\u0259\.jdks\openjdk-25\bin\extnet.dll
Event: 0.259 Loaded shared library C:\Users\u0259\.jdks\openjdk-25\bin\management.dll
Event: 0.269 Loaded shared library C:\Users\u0259\.jdks\openjdk-25\bin\management_ext.dll
Event: 0.699 Loaded shared library C:\Users\u0259\.jdks\openjdk-25\bin\sunmscapi.dll
Event: 25.707 Loaded shared library C:\Users\u0259\AppData\Local\Temp\idea_libasyncProfiler_dll_temp_folder\libasyncProfiler.dll

Deoptimization events (20 events):
Event: 25.873 Thread 0x0000021fde14bc90 DEOPT PACKING pc=0x0000021fccdbfc4c sp=0x0000007c8bdfe470
Event: 25.873 Thread 0x0000021fde14bc90 DEOPT UNPACKING pc=0x0000021fcc682e82 sp=0x0000007c8bdfe3e8 mode 2
Event: 25.875 Thread 0x0000021fde14bc90 Uncommon trap: trap_request=0xffffffde fr.pc=0x0000021fccdf3af0 relative=0x0000000000000070
Event: 25.875 Thread 0x0000021fde14bc90 Uncommon trap: reason=class_check action=maybe_recompile pc=0x0000021fccdf3af0 method=jdk.jfr.EventSettings$InternalAccess.getType(Ljava/lang/Object;)Ljdk/jfr/internal/Type; @ 18 c2
Event: 25.875 Thread 0x0000021fde14bc90 DEOPT PACKING pc=0x0000021fccdf3af0 sp=0x0000007c8bdfe750
Event: 25.875 Thread 0x0000021fde14bc90 DEOPT UNPACKING pc=0x0000021fcc682e82 sp=0x0000007c8bdfe6e8 mode 2
Event: 25.875 Thread 0x0000021fde14bc90 Uncommon trap: trap_request=0xffffffde fr.pc=0x0000021fccdf3af0 relative=0x0000000000000070
Event: 25.875 Thread 0x0000021fde14bc90 Uncommon trap: reason=class_check action=maybe_recompile pc=0x0000021fccdf3af0 method=jdk.jfr.EventSettings$InternalAccess.getType(Ljava/lang/Object;)Ljdk/jfr/internal/Type; @ 18 c2
Event: 25.875 Thread 0x0000021fde14bc90 DEOPT PACKING pc=0x0000021fccdf3af0 sp=0x0000007c8bdfe750
Event: 25.875 Thread 0x0000021fde14bc90 DEOPT UNPACKING pc=0x0000021fcc682e82 sp=0x0000007c8bdfe6e8 mode 2
Event: 25.875 Thread 0x0000021fde14bc90 Uncommon trap: trap_request=0xffffffde fr.pc=0x0000021fccdf3af0 relative=0x0000000000000070
Event: 25.875 Thread 0x0000021fde14bc90 Uncommon trap: reason=class_check action=maybe_recompile pc=0x0000021fccdf3af0 method=jdk.jfr.EventSettings$InternalAccess.getType(Ljava/lang/Object;)Ljdk/jfr/internal/Type; @ 18 c2
Event: 25.875 Thread 0x0000021fde14bc90 DEOPT PACKING pc=0x0000021fccdf3af0 sp=0x0000007c8bdfe750
Event: 25.875 Thread 0x0000021fde14bc90 DEOPT UNPACKING pc=0x0000021fcc682e82 sp=0x0000007c8bdfe6e8 mode 2
Event: 25.876 Thread 0x0000021fde14bc90 Uncommon trap: trap_request=0xffffffde fr.pc=0x0000021fccdf3af0 relative=0x0000000000000070
Event: 25.876 Thread 0x0000021fde14bc90 Uncommon trap: reason=class_check action=maybe_recompile pc=0x0000021fccdf3af0 method=jdk.jfr.EventSettings$InternalAccess.getType(Ljava/lang/Object;)Ljdk/jfr/internal/Type; @ 18 c2
Event: 25.876 Thread 0x0000021fde14bc90 DEOPT PACKING pc=0x0000021fccdf3af0 sp=0x0000007c8bdfe750
Event: 25.876 Thread 0x0000021fde14bc90 DEOPT UNPACKING pc=0x0000021fcc682e82 sp=0x0000007c8bdfe6e8 mode 2
Event: 25.919 Thread 0x0000021fde14bc90 DEOPT PACKING pc=0x0000021fc54404f5 sp=0x0000007c8bdfd350
Event: 25.919 Thread 0x0000021fde14bc90 DEOPT UNPACKING pc=0x0000021fcc5b1702 sp=0x0000007c8bdfc860 mode 0

Classes loaded (20 events):
Event: 25.921 Loading class jdk/jfr/internal/MetadataDescriptor$Element
Event: 25.921 Loading class jdk/jfr/internal/MetadataDescriptor$Element done
Event: 25.921 Loading class jdk/jfr/internal/MetadataDescriptor$Attribute
Event: 25.922 Loading class jdk/jfr/internal/MetadataDescriptor$Attribute done
Event: 25.937 Loading class jdk/jfr/internal/consumer/StringParser$Encoding
Event: 25.937 Loading class jdk/jfr/internal/consumer/StringParser$Encoding done
Event: 25.953 Loading class jdk/jfr/internal/consumer/RepositoryFiles
Event: 25.953 Loading class jdk/jfr/internal/consumer/RepositoryFiles done
Event: 25.957 Loading class jdk/jfr/internal/SettingsManager$InternalSetting
Event: 25.957 Loading class jdk/jfr/internal/SettingsManager$InternalSetting done
Event: 25.958 Loading class jdk/jfr/internal/util/Rate
Event: 25.958 Loading class jdk/jfr/internal/util/Rate done
Event: 25.958 Loading class jdk/jfr/internal/util/TimespanUnit
Event: 25.958 Loading class jdk/jfr/internal/util/TimespanUnit done
Event: 25.959 Loading class jdk/jfr/internal/util/ValueParser
Event: 25.960 Loading class jdk/jfr/internal/util/ValueParser done
Event: 25.960 Loading class jdk/jfr/internal/util/TimespanRate
Event: 25.960 Loading class jdk/jfr/internal/util/TimespanRate done
Event: 25.962 Loading class jdk/jfr/internal/periodic/PeriodicType
Event: 25.962 Loading class jdk/jfr/internal/periodic/PeriodicType done

Classes unloaded (0 events):
No events

Classes redefined (0 events):
No events

Internal exceptions (20 events):
Event: 0.852 Thread 0x0000021fbc8d6e60 Exception <a 'java/lang/NoSuchMethodError'{0x000000070f3ff4c8}: 'java.lang.Object java.lang.invoke.DirectMethodHandle$Holder.newInvokeSpecial(java.lang.Object, java.lang.Object, int, int)'> (0x000000070f3ff4c8) 
thrown [s\open\src\hotspot\share\interpreter\linkResolver.cpp, line 804]
Event: 0.854 Thread 0x0000021fbc8d6e60 Exception <a 'java/lang/NoSuchMethodError'{0x000000070f010830}: 'void java.lang.invoke.DirectMethodHandle$Holder.invokeStatic(java.lang.Object, java.lang.Object, int)'> (0x000000070f010830) 
thrown [s\open\src\hotspot\share\interpreter\linkResolver.cpp, line 804]
Event: 0.862 Thread 0x0000021fbc8d6e60 Exception <a 'java/lang/NoSuchMethodError'{0x000000070f07a228}: 'java.lang.Object java.lang.invoke.DirectMethodHandle$Holder.newInvokeSpecial(java.lang.Object, java.lang.Object, java.lang.Object, java.lang.Object, java.lang.Object)'> (0x000000070f07a228) 
thrown [s\open\src\hotspot\share\interpreter\linkResolver.cpp, line 804]
Event: 0.867 Thread 0x0000021fbc8d6e60 Exception <a 'java/lang/NoSuchMethodError'{0x000000070f0d1e98}: 'void java.lang.invoke.DirectMethodHandle$Holder.invokeInterface(java.lang.Object, java.lang.Object, java.lang.Object)'> (0x000000070f0d1e98) 
thrown [s\open\src\hotspot\share\interpreter\linkResolver.cpp, line 804]
Event: 0.892 Thread 0x0000021fe3549120 Exception <a 'java/lang/NoSuchMethodError'{0x000000070efaf350}: 'java.lang.Object java.lang.invoke.DirectMethodHandle$Holder.invokeSpecial(java.lang.Object, java.lang.Object, java.lang.Object, java.lang.Object, java.lang.Object, int)'> (0x000000070efaf350) 
thrown [s\open\src\hotspot\share\interpreter\linkResolver.cpp, line 804]
Event: 0.919 Thread 0x0000021fe3549120 Exception <a 'java/lang/NoSuchMethodError'{0x0000000711c5bda8}: 'void java.lang.invoke.DirectMethodHandle$Holder.invokeSpecial(java.lang.Object, java.lang.Object, java.lang.Object, java.lang.Object, java.lang.Object)'> (0x0000000711c5bda8) 
thrown [s\open\src\hotspot\share\interpreter\linkResolver.cpp, line 804]
Event: 0.925 Thread 0x0000021fe3549120 Exception <a 'java/lang/NoSuchMethodError'{0x0000000711ca65b0}: 'long java.lang.invoke.DirectMethodHandle$Holder.invokeStatic(java.lang.Object, long, long)'> (0x0000000711ca65b0) 
thrown [s\open\src\hotspot\share\interpreter\linkResolver.cpp, line 804]
Event: 0.928 Thread 0x0000021fe3111240 Exception <a 'java/lang/NoSuchMethodError'{0x0000000711cff8e8}: 'int java.lang.invoke.DirectMethodHandle$Holder.invokeStatic(java.lang.Object, int, java.lang.Object)'> (0x0000000711cff8e8) 
thrown [s\open\src\hotspot\share\interpreter\linkResolver.cpp, line 804]
Event: 0.929 Thread 0x0000021fe3111240 Exception <a 'java/lang/NoSuchMethodError'{0x0000000711d1db00}: 'java.lang.Object java.lang.invoke.DirectMethodHandle$Holder.newInvokeSpecial(java.lang.Object, java.lang.Object, int)'> (0x0000000711d1db00) 
thrown [s\open\src\hotspot\share\interpreter\linkResolver.cpp, line 804]
Event: 0.934 Thread 0x0000021fe36b2000 Exception <a 'java/lang/NoSuchMethodError'{0x0000000711dd9ad0}: 'int java.lang.invoke.DirectMethodHandle$Holder.invokeSpecialIFC(java.lang.Object, java.lang.Object, java.lang.Object, java.lang.Object, java.lang.Object)'> (0x0000000711dd9ad0) 
thrown [s\open\src\hotspot\share\interpreter\linkResolver.cpp, line 804]
Event: 1.163 Thread 0x0000021fe327bc00 Exception <a 'java/lang/NoSuchMethodError'{0x0000000711b00290}: 'long java.lang.invoke.DelegatingMethodHandle$Holder.reinvoke_L(java.lang.Object, java.lang.Object)'> (0x0000000711b00290) 
thrown [s\open\src\hotspot\share\interpreter\linkResolver.cpp, line 804]
Event: 4.363 Thread 0x0000021fe36b2000 Exception <a 'java/lang/NoSuchMethodError'{0x0000000711adc7f0}: 'long java.lang.invoke.DirectMethodHandle$Holder.invokeStatic(java.lang.Object, java.lang.Object)'> (0x0000000711adc7f0) 
thrown [s\open\src\hotspot\share\interpreter\linkResolver.cpp, line 804]
Event: 4.376 Thread 0x0000021fe36b2000 Exception <a 'java/lang/NoSuchMethodError'{0x0000000711856500}: 'void java.lang.invoke.DirectMethodHandle$Holder.invokeSpecial(java.lang.Object, java.lang.Object, java.lang.Object, java.lang.Object, java.lang.Object, java.lang.Object, java.lang.Object)'> (0x0000000711856500) 
thrown [s\open\src\hotspot\share\interpreter\linkResolver.cpp, line 804]
Event: 4.391 Thread 0x0000021fbc8d6e60 Exception <a 'java/lang/NoSuchMethodError'{0x000000071192b220}: 'java.lang.Object java.lang.invoke.DirectMethodHandle$Holder.invokeSpecialIFC(java.lang.Object, java.lang.Object, java.lang.Object)'> (0x000000071192b220) 
thrown [s\open\src\hotspot\share\interpreter\linkResolver.cpp, line 804]
Event: 25.770 Thread 0x0000021fde14bc90 Exception <a 'java/lang/NoSuchMethodError'{0x00000007115c1948}: 'void java.lang.invoke.DirectMethodHandle$Holder.invokeStaticInit(java.lang.Object)'> (0x00000007115c1948) 
thrown [s\open\src\hotspot\share\interpreter\linkResolver.cpp, line 804]
Event: 25.908 Thread 0x0000021fde14bc90 Exception <a 'java/lang/NoSuchMethodError'{0x0000000710c1d138}: 'void java.lang.invoke.DirectMethodHandle$Holder.invokeSpecial(java.lang.Object, java.lang.Object, int)'> (0x0000000710c1d138) 
thrown [s\open\src\hotspot\share\interpreter\linkResolver.cpp, line 804]
Event: 25.908 Thread 0x0000021fde14bc90 Exception <a 'java/lang/NoSuchMethodError'{0x0000000710c24d90}: 'void java.lang.invoke.Invokers$Holder.invokeExact_MT(java.lang.Object, int, java.lang.Object)'> (0x0000000710c24d90) 
thrown [s\open\src\hotspot\share\interpreter\linkResolver.cpp, line 804]
Event: 25.913 Thread 0x0000021fde14bc90 Exception <a 'sun/nio/fs/WindowsException'{0x0000000710c4c660}> (0x0000000710c4c660) 
thrown [s\open\src\hotspot\share\prims\jni.cpp, line 516]
Event: 25.915 Thread 0x0000021fde14bc90 Exception <a 'sun/nio/fs/WindowsException'{0x0000000710c51f98}> (0x0000000710c51f98) 
thrown [s\open\src\hotspot\share\prims\jni.cpp, line 516]
Event: 25.918 Thread 0x0000021fde14bc90 Exception <a 'sun/nio/fs/WindowsException'{0x0000000710c54898}> (0x0000000710c54898) 
thrown [s\open\src\hotspot\share\prims\jni.cpp, line 516]

VM Operations (20 events):
Event: 0.479 Executing non-safepoint VM operation: HandshakeAllThreads (Deoptimize)
Event: 0.479 Executing non-safepoint VM operation: HandshakeAllThreads (Deoptimize) done
Event: 0.521 Executing non-safepoint VM operation: HandshakeAllThreads (Deoptimize)
Event: 0.521 Executing non-safepoint VM operation: HandshakeAllThreads (Deoptimize) done
Event: 0.564 Executing non-safepoint VM operation: HandshakeAllThreads (Deoptimize)
Event: 0.564 Executing non-safepoint VM operation: HandshakeAllThreads (Deoptimize) done
Event: 0.572 Executing non-safepoint VM operation: HandshakeAllThreads (Deoptimize)
Event: 0.572 Executing non-safepoint VM operation: HandshakeAllThreads (Deoptimize) done
Event: 0.598 Executing non-safepoint VM operation: HandshakeAllThreads (Deoptimize)
Event: 0.598 Executing non-safepoint VM operation: HandshakeAllThreads (Deoptimize) done
Event: 0.635 Executing non-safepoint VM operation: HandshakeAllThreads (Deoptimize)
Event: 0.635 Executing non-safepoint VM operation: HandshakeAllThreads (Deoptimize) done
Event: 0.901 Executing safepoint VM operation: G1CollectForAllocation (G1 Evacuation Pause)
Event: 0.911 Executing safepoint VM operation: G1CollectForAllocation (G1 Evacuation Pause) done
Event: 4.358 Executing non-safepoint VM operation: HandshakeAllThreads (Deoptimize)
Event: 4.358 Executing non-safepoint VM operation: HandshakeAllThreads (Deoptimize) done
Event: 4.422 Executing non-safepoint VM operation: HandshakeAllThreads (Deoptimize)
Event: 4.423 Executing non-safepoint VM operation: HandshakeAllThreads (Deoptimize) done
Event: 25.954 Executing safepoint VM operation: JFRSafepointClear
Event: 25.954 Executing safepoint VM operation: JFRSafepointClear done

Memory protections (0 events):
No events

Nmethod flushes (0 events):
No events

Events (20 events):
Event: 2.212 Thread 0x0000021fde16ac00 Thread exited: 0x0000021fde16ac00
Event: 2.212 Thread 0x0000021fde16a3f0 Thread exited: 0x0000021fde16a3f0
Event: 3.217 Thread 0x0000021fde166b80 Thread exited: 0x0000021fde166b80
Event: 3.933 Thread 0x0000021fde166370 Thread exited: 0x0000021fde166370
Event: 4.402 Thread 0x0000021fde167ba0 Thread added: 0x0000021fe30bbc60
Event: 4.402 Thread 0x0000021fde167ba0 Thread added: 0x0000021fe30be4b0
Event: 5.358 Thread 0x0000021fe30be4b0 Thread exited: 0x0000021fe30be4b0
Event: 5.358 Thread 0x0000021fe30bbc60 Thread exited: 0x0000021fe30bbc60
Event: 5.361 Thread 0x0000021fde167ba0 Thread added: 0x0000021fe30bbc60
Event: 10.596 Thread 0x0000021fe30bbc60 Thread exited: 0x0000021fe30bbc60
Event: 16.865 Thread 0x0000021fde167ba0 Thread added: 0x0000021fe30be4b0
Event: 17.867 Thread 0x0000021fe30be4b0 Thread exited: 0x0000021fe30be4b0
Event: 25.754 Thread 0x0000021fde167ba0 Thread added: 0x0000021fe30bb450
Event: 25.766 Thread 0x0000021fde14bc90 Thread added: 0x0000021fe36b56b0
Event: 25.788 Thread 0x0000021fde167ba0 Thread added: 0x0000021fe30bf4d0
Event: 25.789 Thread 0x0000021fe30bf4d0 Thread added: 0x0000021fe30bbc60
Event: 25.812 Thread 0x0000021fe30bbc60 Thread added: 0x0000021fe30c1510
Event: 25.830 Thread 0x0000021fe30bbc60 Thread added: 0x0000021fe30be4b0
Event: 25.830 Thread 0x0000021fde167ba0 Thread added: 0x0000021fe30c3550
Event: 25.910 Thread 0x0000021fde14bc90 Thread added: 0x0000021fde159610


Dynamic libraries:
0x00007ff65c480000 - 0x00007ff65c48e000 	C:\Users\u0259\.jdks\openjdk-25\bin\java.exe
0x00007ff9de4a0000 - 0x00007ff9de709000 	C:\WINDOWS\SYSTEM32\ntdll.dll
0x00007ff9dc550000 - 0x00007ff9dc619000 	C:\WINDOWS\System32\KERNEL32.DLL
0x00007ff9db850000 - 0x00007ff9dbc43000 	C:\WINDOWS\System32\KERNELBASE.dll
0x00007ff9db630000 - 0x00007ff9db77b000 	C:\WINDOWS\System32\ucrtbase.dll
0x00007ff98db70000 - 0x00007ff98db87000 	C:\Users\u0259\.jdks\openjdk-25\bin\jli.dll
0x00007ff990a10000 - 0x00007ff990a2e000 	C:\Users\u0259\.jdks\openjdk-25\bin\VCRUNTIME140.dll
0x00007ff9de210000 - 0x00007ff9de3d4000 	C:\WINDOWS\System32\USER32.dll
0x00007ff9db780000 - 0x00007ff9db7a7000 	C:\WINDOWS\System32\win32u.dll
0x00007ff9c03b0000 - 0x00007ff9c0643000 	C:\WINDOWS\WinSxS\amd64_microsoft.windows.common-controls_6595b64144ccf1df_6.0.26100.5074_none_3e0d6f78e32fd63f\COMCTL32.dll
0x00007ff9dddb0000 - 0x00007ff9ddddb000 	C:\WINDOWS\System32\GDI32.dll
0x00007ff9dbce0000 - 0x00007ff9dbe0d000 	C:\WINDOWS\System32\gdi32full.dll
0x00007ff9ddd00000 - 0x00007ff9ddda9000 	C:\WINDOWS\System32\msvcrt.dll
0x00007ff9dbf90000 - 0x00007ff9dc033000 	C:\WINDOWS\System32\msvcp_win.dll
0x00007ff9dd7a0000 - 0x00007ff9dd7cf000 	C:\WINDOWS\System32\IMM32.DLL
0x00007ff9b8f60000 - 0x00007ff9b8f6c000 	C:\Users\u0259\.jdks\openjdk-25\bin\vcruntime140_1.dll
0x00007ff98ba00000 - 0x00007ff98ba8d000 	C:\Users\u0259\.jdks\openjdk-25\bin\msvcp140.dll
0x00007ff987780000 - 0x00007ff9885df000 	C:\Users\u0259\.jdks\openjdk-25\bin\server\jvm.dll
0x00007ff9dc270000 - 0x00007ff9dc324000 	C:\WINDOWS\System32\ADVAPI32.dll
0x00007ff9ddfa0000 - 0x00007ff9de046000 	C:\WINDOWS\System32\sechost.dll
0x00007ff9dd420000 - 0x00007ff9dd538000 	C:\WINDOWS\System32\RPCRT4.dll
0x00007ff9de3e0000 - 0x00007ff9de454000 	C:\WINDOWS\System32\WS2_32.dll
0x00007ff9db3e0000 - 0x00007ff9db43e000 	C:\WINDOWS\SYSTEM32\POWRPROF.dll
0x00007ff9cddf0000 - 0x00007ff9cde25000 	C:\WINDOWS\SYSTEM32\WINMM.dll
0x00007ff9d50b0000 - 0x00007ff9d50bb000 	C:\WINDOWS\SYSTEM32\VERSION.dll
0x00007ff9db3c0000 - 0x00007ff9db3d4000 	C:\WINDOWS\SYSTEM32\UMPDC.dll
0x00007ff9da410000 - 0x00007ff9da42b000 	C:\WINDOWS\SYSTEM32\kernel.appcore.dll
0x00007ff9b2ea0000 - 0x00007ff9b2eaa000 	C:\Users\u0259\.jdks\openjdk-25\bin\jimage.dll
0x00007ff9cb320000 - 0x00007ff9cb562000 	C:\WINDOWS\SYSTEM32\DBGHELP.DLL
0x00007ff9dd980000 - 0x00007ff9ddcfb000 	C:\WINDOWS\System32\combase.dll
0x00007ff9de130000 - 0x00007ff9de207000 	C:\WINDOWS\System32\OLEAUT32.dll
0x00007ff9cdcc0000 - 0x00007ff9cdcfd000 	C:\WINDOWS\SYSTEM32\dbgcore.DLL
0x00007ff9db7b0000 - 0x00007ff9db849000 	C:\WINDOWS\System32\bcryptPrimitives.dll
0x00007ff9d8730000 - 0x00007ff9d8740000 	C:\Users\u0259\.jdks\openjdk-25\bin\instrument.dll
0x00007ff98d5e0000 - 0x00007ff98d5ff000 	C:\Users\u0259\.jdks\openjdk-25\bin\java.dll
0x00007ff9dd7e0000 - 0x00007ff9dd978000 	C:\WINDOWS\System32\ole32.dll
0x00007ff9dc620000 - 0x00007ff9dcd6d000 	C:\WINDOWS\System32\SHELL32.dll
0x00007ff9dc100000 - 0x00007ff9dc26c000 	C:\WINDOWS\System32\wintypes.dll
0x00007ff9d92d0000 - 0x00007ff9d9b29000 	C:\WINDOWS\SYSTEM32\windows.storage.dll
0x00007ff9dd2f0000 - 0x00007ff9dd3e0000 	C:\WINDOWS\System32\SHCORE.dll
0x00007ff9dd540000 - 0x00007ff9dd5a2000 	C:\WINDOWS\System32\shlwapi.dll
0x00007ff9db550000 - 0x00007ff9db579000 	C:\WINDOWS\SYSTEM32\profapi.dll
0x00007ff98d130000 - 0x00007ff98d147000 	C:\Users\u0259\.jdks\openjdk-25\bin\zip.dll
0x00007ff98d170000 - 0x00007ff98d182000 	C:\Users\u0259\.jdks\openjdk-25\bin\net.dll
0x00007ff9da990000 - 0x00007ff9da9fb000 	C:\WINDOWS\system32\mswsock.dll
0x00007ff98d150000 - 0x00007ff98d166000 	C:\Users\u0259\.jdks\openjdk-25\bin\nio.dll
0x00007ff9b0a40000 - 0x00007ff9b0a49000 	C:\Users\u0259\.jdks\openjdk-25\bin\extnet.dll
0x00007ff9d9ec0000 - 0x00007ff9d9fe6000 	C:\WINDOWS\SYSTEM32\DNSAPI.dll
0x00007ff9d9e30000 - 0x00007ff9d9e64000 	C:\WINDOWS\SYSTEM32\IPHLPAPI.DLL
0x00007ff9dd5b0000 - 0x00007ff9dd5ba000 	C:\WINDOWS\System32\NSI.dll
0x00007ff9d41b0000 - 0x00007ff9d41bb000 	C:\Windows\System32\rasadhlp.dll
0x00007ff9d4c60000 - 0x00007ff9d4ce6000 	C:\WINDOWS\System32\fwpuclnt.dll
0x00007ff9cf7c0000 - 0x00007ff9cf7ca000 	C:\Users\u0259\.jdks\openjdk-25\bin\management.dll
0x00007ff9cf5b0000 - 0x00007ff9cf5bc000 	C:\Users\u0259\.jdks\openjdk-25\bin\management_ext.dll
0x00007ff9dcdd0000 - 0x00007ff9dcdd8000 	C:\WINDOWS\System32\PSAPI.DLL
0x00007ff9dac30000 - 0x00007ff9dac4b000 	C:\WINDOWS\SYSTEM32\CRYPTSP.dll
0x00007ff9da370000 - 0x00007ff9da3ab000 	C:\WINDOWS\system32\rsaenh.dll
0x00007ff9daa30000 - 0x00007ff9daa5b000 	C:\WINDOWS\SYSTEM32\USERENV.dll
0x00007ff9db520000 - 0x00007ff9db546000 	C:\WINDOWS\SYSTEM32\bcrypt.dll
0x00007ff9dac50000 - 0x00007ff9dac5c000 	C:\WINDOWS\SYSTEM32\CRYPTBASE.dll
0x00007ff9b57b0000 - 0x00007ff9b57c8000 	C:\WINDOWS\system32\napinsp.dll
0x00007ff9b7660000 - 0x00007ff9b7672000 	C:\WINDOWS\System32\winrnr.dll
0x00007ff9b0c30000 - 0x00007ff9b0c58000 	C:\WINDOWS\system32\nlansp_c.dll
0x00007ff9b9e70000 - 0x00007ff9b9e86000 	C:\WINDOWS\system32\wshbth.dll
0x00007ff9cd4f0000 - 0x00007ff9cd546000 	C:\WINDOWS\SYSTEM32\pdh.dll
0x00007ff993160000 - 0x00007ff99316e000 	C:\Users\u0259\.jdks\openjdk-25\bin\sunmscapi.dll
0x00007ff9dbe10000 - 0x00007ff9dbf87000 	C:\WINDOWS\System32\CRYPT32.dll
0x00007ff9dae50000 - 0x00007ff9dae80000 	C:\WINDOWS\SYSTEM32\ncrypt.dll
0x00007ff9dae00000 - 0x00007ff9dae3f000 	C:\WINDOWS\SYSTEM32\NTASN1.dll
0x00007ff9aeb30000 - 0x00007ff9aeb38000 	C:\WINDOWS\system32\wshunix.dll
0x00007ff9d8740000 - 0x00007ff9d8752000 	C:\WINDOWS\System32\perfproc.dll
0x00007ff9d7bc0000 - 0x00007ff9d7bd1000 	C:\WINDOWS\System32\perfos.dll
0x00007ff9d8a60000 - 0x00007ff9d8a72000 	C:\WINDOWS\SYSTEM32\pfclient.dll
0x00007ff969e50000 - 0x00007ff96a048000 	C:\Users\u0259\AppData\Local\Temp\idea_libasyncProfiler_dll_temp_folder\libasyncProfiler.dll

JVMTI agents:
C:\Program Files\JetBrains\IntelliJ IDEA 2025.1\lib\idea_rt.jar path:C:\Users\u0259\.jdks\openjdk-25\bin\instrument.dll, loaded, initialized, instrumentlib options:58192

dbghelp: loaded successfully - version: 4.0.5 - missing functions: none
symbol engine: initialized successfully - sym options: 0x614 - pdb path: .;C:\Users\u0259\.jdks\openjdk-25\bin;C:\WINDOWS\SYSTEM32;C:\WINDOWS\WinSxS\amd64_microsoft.windows.common-controls_6595b64144ccf1df_6.0.26100.5074_none_3e0d6f78e32fd63f;C:\Users\u0259\.jdks\openjdk-25\bin\server;C:\Users\u0259\AppData\Local\Temp\idea_libasyncProfiler_dll_temp_folder

VM Arguments:
jvm_args: -javaagent:C:\Program Files\JetBrains\IntelliJ IDEA 2025.1\lib\idea_rt.jar=58192 -Dfile.encoding=UTF-8 -Dsun.stdout.encoding=UTF-8 -Dsun.stderr.encoding=UTF-8 
java_command: org.example.Main
java_class_path (initial): C:\Users\u0259\Documents\project\Program\Tester\target\classes;C:\Users\u0259\.m2\repository\org\seleniumhq\selenium\selenium-java\4.36.0\selenium-java-4.36.0.jar;C:\Users\u0259\.m2\repository\org\seleniumhq\selenium\selenium-api\4.36.0\selenium-api-4.36.0.jar;C:\Users\u0259\.m2\repository\org\jspecify\jspecify\1.0.0\jspecify-1.0.0.jar;C:\Users\u0259\.m2\repository\org\seleniumhq\selenium\selenium-chrome-driver\4.36.0\selenium-chrome-driver-4.36.0.jar;C:\Users\u0259\.m2\repository\com\google\auto\service\auto-service-annotations\1.1.1\auto-service-annotations-1.1.1.jar;C:\Users\u0259\.m2\repository\org\seleniumhq\selenium\selenium-chromium-driver\4.36.0\selenium-chromium-driver-4.36.0.jar;C:\Users\u0259\.m2\repository\org\seleniumhq\selenium\selenium-json\4.36.0\selenium-json-4.36.0.jar;C:\Users\u0259\.m2\repository\org\seleniumhq\selenium\selenium-manager\4.36.0\selenium-manager-4.36.0.jar;C:\Users\u0259\.m2\repository\org\seleniumhq\selenium\selenium-devtools-v138\4.36.0\selenium-devtools-v138-4.36.0.jar;C:\Users\u0259\.m2\repository\org\seleniumhq\selenium\selenium-devtools-v139\4.36.0\selenium-devtools-v139-4.36.0.jar;C:\Users\u0259\.m2\repository\org\seleniumhq\selenium\selenium-devtools-v140\4.36.0\selenium-devtools-v140-4.36.0.jar;C:\Users\u0259\.m2\repository\org\seleniumhq\selenium\selenium-edge-driver\4.36.0\selenium-edge-driver-4.36.0.jar;C:\Users\u0259\.m2\repository\org\seleniumhq\selenium\selenium-firefox-driver\4.36.0\selenium-firefox-driver-4.36.0.jar;C:\Users\u0259\.m2\repository\org\seleniumhq\selenium\selenium-http\4.36.0\selenium-http-4.36.0.jar;C:\Users\u0259\.m2\repository\org\seleniumhq\selenium\selenium-ie-driver\4.36.0\selenium-ie-driver-4.36.0.jar;C:\Users\u0259\.m2\repository\org\seleniumhq\selenium\selenium-remote-driver\4.36.0\selenium-remote-driver-4.36.0.jar;C:\Users\u0259\.m2\repository\com\google\guava\guava\33.5.0-jre\guava-33.5.0-jre.jar;C:\Users\u0259\.m2\repository\com\google\guava\failureaccess\1.0.3\failureaccess-1.0.3.jar;C:\Users\u0259\.m2\repository\com\google\guava\listenablefuture\9999.0-empty-to-avoid-conflict-with-guava\listenablefuture-9999.0-empty-to-avoid-conflict-with-guava.jar;C:\Users\u0259\.m2\repository\com\google\errorprone\error_prone_annotations\2.41.0\error_prone_annotations-2.41.0.jar;C:\Users\u0259\.m2\repository\com\google\j2objc\j2objc-annotations\3.1\j2objc-annotations-3.1.jar;C:\Users\u0259\.m2\repository\io\opentelemetry\opentelemetry-api\1.54.0\opentelemetry-api-1.54.0.jar;C:\Users\u0259\.m2\repository\io\opentelemetry\opentelemetry-context\1.54.0\opentelemetry-context-1.54.0.jar;C:\Users\u0259\.m2\repository\io\opentelemetry\opentelemetry-common\1.54.0\opentelemetry-common-1.54.0.jar;C:\Users\u0259\.m2\repository\io\opentelemetry\opentelemetry-exporter-logging\1.54.0\opentelemetry-exporter-logging-1.54.0.jar;C:\Users\u0259\.m2\repository\io\opentelemetry\opentelemetry-sdk-common\1.54.0\opentelemetry-sdk-common-1.54.0.jar;C:\Users\u0259\.m2\repository\io\opentelemetry\opentelemetry-sdk-extension-autoconfigure-spi\1.54.0\opentelemetry-sdk-extension-autoconfigure-spi-1.54.0.jar;C:\Users\u0259\.m2\repository\io\opentelemetry\opentelemetry-sdk-extension-autoconfigure\1.54.0\opentelemetry-sdk-extension-autoconfigure-1.54.0.jar;C:\Users\u0259\.m2\repository\io\opentelemetry\opentelemetry-sdk-trace\1.54.0\opentelemetry-sdk-trace-1.54.0.jar;C:\Users\u0259\.m2\repository\io\opentelemetry\opentelemetry-sdk\1.54.0\opentelemetry-sdk-1.54.0.jar;C:\Users\u0259\.m2\repository\io\opentelemetry\opentelemetry-sdk-metrics\1.54.0\opentelemetry-sdk-metrics-1.54.0.jar;C:\Users\u0259\.m2\repository\io\opentelemetry\opentelemetry-sdk-logs\1.54.0\opentelemetry-sdk-logs-1.54.0.jar;C:\Users\u0259\.m2\repository\net\bytebuddy\byte-buddy\1.17.7\byte-buddy-1.17.7.jar;C:\Users\u0259\.m2\repository\org\seleniumhq\selenium\selenium-os\4.36.0\selenium-os-4.36.0.jar;C:\Users\u0259\.m2\repository\org\apache\commons\commons-exec\1.5.0\commons-exec-1.5.0.jar;C:\Users\u0259\.m2\repository\org\seleniumhq\selenium\selenium-safari-driver\4.36.0\selenium-safari-driver-4.36.0.jar;C:\Users\u0259\.m2\repository\org\seleniumhq\selenium\selenium-support\4.36.0\selenium-support-4.36.0.jar
Launcher Type: SUN_STANDARD

[Global flags]
     intx CICompilerCount                          = 15                                        {product} {ergonomic}
     uint ConcGCThreads                            = 6                                         {product} {ergonomic}
     bool FlightRecorder                           = true                                      {product} {management}
     uint G1ConcRefinementThreads                  = 23                                        {product} {ergonomic}
   size_t G1HeapRegionSize                         = 2097152                                   {product} {ergonomic}
   size_t InitialHeapSize                          = 268435456                                 {product} {ergonomic}
   size_t MarkStackSize                            = 4194304                                   {product} {ergonomic}
   size_t MarkStackSizeMax                         = 536870912                                 {product} {ergonomic}
   size_t MaxHeapSize                              = 4263510016                                {product} {ergonomic}
   size_t MaxNewSize                               = 2556428288                                {product} {ergonomic}
   size_t MinHeapDeltaBytes                        = 2097152                                   {product} {ergonomic}
   size_t MinHeapSize                              = 8388608                                   {product} {ergonomic}
    uintx NonNMethodCodeHeapSize                   = 8192000                                {pd product} {ergonomic}
    uintx NonProfiledCodeHeapSize                  = 121765888                              {pd product} {ergonomic}
    uintx ProfiledCodeHeapSize                     = 121700352                              {pd product} {ergonomic}
    uintx ReservedCodeCacheSize                    = 251658240                              {pd product} {ergonomic}
     bool SegmentedCodeCache                       = true                                      {product} {ergonomic}
   size_t SoftMaxHeapSize                          = 4263510016                             {manageable} {ergonomic}
     bool UseCompressedOops                        = true                           {product lp64_product} {ergonomic}
     bool UseG1GC                                  = true                                      {product} {ergonomic}
     bool UseLargePagesIndividualAllocation        = false                                  {pd product} {ergonomic}

Logging:
Log output configuration:
 #0: stdout all=warning uptime,level,tags foldmultilines=false
 #1: stderr all=off uptime,level,tags foldmultilines=false

Release file:
IMPLEMENTOR="Oracle Corporation" 
JAVA_RUNTIME_VERSION="25+36-3489" 
JAVA_VERSION="25" 
JAVA_VERSION_DATE="2025-09-16" 
LIBC="default" 
MODULES="java.base java.compiler java.datatransfer java.xml java.prefs java.desktop java.instrument java.logging java.management java.security.sasl java.naming java.rmi java.management.rmi java.net.http java.scripting java.security.jgss java.transaction.xa java.sql java.sql.rowset java.xml.crypto java.se java.smartcardio jdk.accessibility jdk.internal.jvmstat jdk.attach jdk.charsets jdk.internal.opt jdk.zipfs jdk.compiler jdk.crypto.cryptoki jdk.crypto.ec jdk.crypto.mscapi jdk.dynalink jdk.internal.ed jdk.editpad jdk.internal.vm.ci jdk.graal.compiler jdk.graal.compiler.management jdk.hotspot.agent jdk.httpserver jdk.incubator.vector jdk.internal.le jdk.internal.md jdk.jartool jdk.javadoc jdk.jcmd jdk.management jdk.management.agent jdk.jconsole jdk.jdeps jdk.jdwp.agent jdk.jdi jdk.jfr jdk.jlink jdk.jpackage jdk.jshell jdk.jsobject jdk.jstatd jdk.localedata jdk.management.jfr jdk.naming.dns jdk.naming.rmi jdk.net jdk.nio.mapmode jdk.sctp jdk.security.auth jdk.security.jgss jdk.unsupported jdk.unsupported.desktop jdk.xml.dom" 
OS_ARCH="x86_64" 
OS_NAME="Windows" 
SOURCE=".:git:6c48f4ed707b" 

Environment Variables:
PATH=C:\Program Files\Common Files\Oracle\Java\javapath;C:\Program Files (x86)\Common Files\Oracle\Java\java8path;C:\Program Files (x86)\Common Files\Oracle\Java\javapath;C:\WINDOWS\system32;C:\WINDOWS;C:\WINDOWS\System32\Wbem;C:\WINDOWS\System32\WindowsPowerShell\v1.0\;C:\WINDOWS\System32\OpenSSH\;C:\Program Files\NVIDIA Corporation\NVIDIA App\NvDLISR;C:\Program Files (x86)\NVIDIA Corporation\PhysX\Common;C:\Program Files\Microsoft SQL Server\150\Tools\Binn\;C:\Program Files\Git\cmd;C:\Program Files\dotnet\;C:\Program Files\Microsoft SQL Server\Client SDK\ODBC\170\Tools\Binn\;C:\Program Files (x86)\Windows Kits\10\Windows Performance Toolkit\;C:\Users\u0259\AppData\Local\Microsoft\WindowsApps;C:\Users\u0259\.dotnet\tools
USERNAME=u0259
OS=Windows_NT
PROCESSOR_IDENTIFIER=Intel64 Family 6 Model 63 Stepping 2, GenuineIntel
TMP=C:\Users\u0259\AppData\Local\Temp
TEMP=C:\Users\u0259\AppData\Local\Temp




Compilation memory statistics disabled.

Periodic native trim disabled

---------------  S Y S T E M  ---------------

OS:
 Windows 11 , 64 bit Build 26100 (10.0.26100.5074)
OS uptime: 10 days 23:23 hours

CPU: total 32 (initial active 32) (8 cores per cpu, 2 threads per core) family 6 model 63 stepping 2 microcode 0x44, cx8, cmov, fxsr, ht, mmx, sse, sse2, sse3, ssse3, sse4.1, sse4.2, popcnt, lzcnt, tsc, tscinvbit, avx, avx2, aes, erms, clmul, bmi1, bmi2, fma, vzeroupper, clflush, rdtscp, f16c
Processor Information for processor 0
  Max Mhz: 2601, Current Mhz: 1200, Mhz Limit: 2601
Processor Information for processor 1
  Max Mhz: 2601, Current Mhz: 1200, Mhz Limit: 2601
Processor Information for processor 2
  Max Mhz: 2601, Current Mhz: 1200, Mhz Limit: 2601
Processor Information for processor 3
  Max Mhz: 2601, Current Mhz: 2200, Mhz Limit: 2601
Processor Information for processor 4
  Max Mhz: 2601, Current Mhz: 2200, Mhz Limit: 2601
Processor Information for processor 5
  Max Mhz: 2601, Current Mhz: 2200, Mhz Limit: 2601
Processor Information for processor 6
  Max Mhz: 2601, Current Mhz: 1200, Mhz Limit: 2601
Processor Information for processor 7
  Max Mhz: 2601, Current Mhz: 1200, Mhz Limit: 2601
Processor Information for processor 8
  Max Mhz: 2601, Current Mhz: 1200, Mhz Limit: 2601
Processor Information for processor 9
  Max Mhz: 2601, Current Mhz: 2200, Mhz Limit: 2601
Processor Information for processor 10
  Max Mhz: 2601, Current Mhz: 1200, Mhz Limit: 2601
Processor Information for processor 11
  Max Mhz: 2601, Current Mhz: 1200, Mhz Limit: 2601
Processor Information for processor 12
  Max Mhz: 2601, Current Mhz: 1200, Mhz Limit: 2601
Processor Information for processor 13
  Max Mhz: 2601, Current Mhz: 1200, Mhz Limit: 2601
Processor Information for processor 14
  Max Mhz: 2601, Current Mhz: 1200, Mhz Limit: 2601
Processor Information for processor 15
  Max Mhz: 2601, Current Mhz: 1200, Mhz Limit: 2601
Processor Information for processor 16
  Max Mhz: 2601, Current Mhz: 1200, Mhz Limit: 2601
Processor Information for processor 17
  Max Mhz: 2601, Current Mhz: 1200, Mhz Limit: 2601
Processor Information for processor 18
  Max Mhz: 2601, Current Mhz: 1200, Mhz Limit: 2601
Processor Information for processor 19
  Max Mhz: 2601, Current Mhz: 1200, Mhz Limit: 2601
Processor Information for processor 20
  Max Mhz: 2601, Current Mhz: 1200, Mhz Limit: 2601
Processor Information for processor 21
  Max Mhz: 2601, Current Mhz: 1200, Mhz Limit: 2601
Processor Information for processor 22
  Max Mhz: 2601, Current Mhz: 1200, Mhz Limit: 2601
Processor Information for processor 23
  Max Mhz: 2601, Current Mhz: 1200, Mhz Limit: 2601
Processor Information for processor 24
  Max Mhz: 2601, Current Mhz: 1200, Mhz Limit: 2601
Processor Information for processor 25
  Max Mhz: 2601, Current Mhz: 2601, Mhz Limit: 2601
Processor Information for processor 26
  Max Mhz: 2601, Current Mhz: 1200, Mhz Limit: 2601
Processor Information for processor 27
  Max Mhz: 2601, Current Mhz: 1200, Mhz Limit: 2601
Processor Information for processor 28
  Max Mhz: 2601, Current Mhz: 1200, Mhz Limit: 2601
Processor Information for processor 29
  Max Mhz: 2601, Current Mhz: 1200, Mhz Limit: 2601
Processor Information for processor 30
  Max Mhz: 2601, Current Mhz: 1200, Mhz Limit: 2601
Processor Information for processor 31
  Max Mhz: 2601, Current Mhz: 1200, Mhz Limit: 2601

Memory: 4k page, system-wide physical 16263M (4596M free)
TotalPageFile size 26503M (AvailPageFile size 10225M)
current process WorkingSet (physical memory assigned to process): 157M, peak: 163M
current process commit charge ("private bytes"): 461M, peak: 482M

vm_info: OpenJDK 64-Bit Server VM (25+36-3489) for windows-amd64 JRE (25+36-3489), built on 2025-08-12T17:19:28Z with unknown MS VC++:1943

END.
